[2025-03-26T11:59:52.643+0000] {local_task_job_runner.py:123} INFO - ::group::Pre task execution logs
[2025-03-26T11:59:52.650+0000] {taskinstance.py:2614} INFO - Dependencies all met for dep_context=non-requeueable deps ti=<TaskInstance: google_dag.load manual__2025-03-26T11:29:03.335615+00:00 [queued]>
[2025-03-26T11:59:52.652+0000] {taskinstance.py:2614} INFO - Dependencies all met for dep_context=requeueable deps ti=<TaskInstance: google_dag.load manual__2025-03-26T11:29:03.335615+00:00 [queued]>
[2025-03-26T11:59:52.653+0000] {taskinstance.py:2867} INFO - Starting attempt 1 of 2
[2025-03-26T11:59:52.656+0000] {taskinstance.py:2890} INFO - Executing <Task(PythonOperator): load> on 2025-03-26 11:29:03.335615+00:00
[2025-03-26T11:59:52.659+0000] {warnings.py:112} WARNING - /home/***/.local/lib/python3.12/site-packages/***/task/task_runner/standard_task_runner.py:70: DeprecationWarning: This process (pid=1060) is multi-threaded, use of fork() may lead to deadlocks in the child.
  pid = os.fork()

[2025-03-26T11:59:52.660+0000] {standard_task_runner.py:72} INFO - Started process 1068 to run task
[2025-03-26T11:59:52.661+0000] {standard_task_runner.py:104} INFO - Running: ['***', 'tasks', 'run', 'google_dag', 'load', 'manual__2025-03-26T11:29:03.335615+00:00', '--job-id', '366', '--raw', '--subdir', 'DAGS_FOLDER/google_dag.py', '--cfg-path', '/tmp/tmp_h1euy93']
[2025-03-26T11:59:52.661+0000] {standard_task_runner.py:105} INFO - Job 366: Subtask load
[2025-03-26T11:59:52.677+0000] {task_command.py:467} INFO - Running <TaskInstance: google_dag.load manual__2025-03-26T11:29:03.335615+00:00 [running]> on host 61f9c530e15c
[2025-03-26T11:59:52.704+0000] {taskinstance.py:3134} INFO - Exporting env vars: AIRFLOW_CTX_DAG_OWNER='***' AIRFLOW_CTX_DAG_ID='google_dag' AIRFLOW_CTX_TASK_ID='load' AIRFLOW_CTX_EXECUTION_DATE='2025-03-26T11:29:03.335615+00:00' AIRFLOW_CTX_TRY_NUMBER='1' AIRFLOW_CTX_DAG_RUN_ID='manual__2025-03-26T11:29:03.335615+00:00'
[2025-03-26T11:59:52.704+0000] {logging_mixin.py:190} INFO - Task instance is in running state
[2025-03-26T11:59:52.704+0000] {logging_mixin.py:190} INFO -  Previous state of the Task instance: queued
[2025-03-26T11:59:52.704+0000] {logging_mixin.py:190} INFO - Current task name:load state:running start_date:2025-03-26 11:59:52.650234+00:00
[2025-03-26T11:59:52.705+0000] {logging_mixin.py:190} INFO - Dag name:google_dag and current dag run status:running
[2025-03-26T11:59:52.705+0000] {taskinstance.py:732} INFO - ::endgroup::
[2025-03-26T11:59:52.714+0000] {python.py:240} INFO - Done. Returned value was: None
[2025-03-26T11:59:52.718+0000] {taskinstance.py:341} INFO - ::group::Post task execution logs
[2025-03-26T11:59:52.718+0000] {taskinstance.py:353} INFO - Marking task as SUCCESS. dag_id=google_dag, task_id=load, run_id=manual__2025-03-26T11:29:03.335615+00:00, execution_date=20250326T112903, start_date=20250326T115952, end_date=20250326T115952
[2025-03-26T11:59:52.725+0000] {logging_mixin.py:190} INFO - Task instance in success state
[2025-03-26T11:59:52.725+0000] {logging_mixin.py:190} INFO -  Previous state of the Task instance: running
[2025-03-26T11:59:52.726+0000] {logging_mixin.py:190} INFO - Dag name:google_dag queued_at:2025-03-26 11:29:03.344599+00:00
[2025-03-26T11:59:52.726+0000] {logging_mixin.py:190} INFO - Task hostname:61f9c530e15c operator:PythonOperator
[2025-03-26T11:59:52.759+0000] {local_task_job_runner.py:266} INFO - Task exited with return code 0
[2025-03-26T11:59:52.766+0000] {taskinstance.py:3901} INFO - 0 downstream tasks scheduled from follow-on schedule check
[2025-03-26T11:59:52.766+0000] {local_task_job_runner.py:245} INFO - ::endgroup::
