[2025-03-15T20:42:27.755+0000] {local_task_job_runner.py:123} INFO - ::group::Pre task execution logs
[2025-03-15T20:42:27.776+0000] {taskinstance.py:2614} INFO - Dependencies all met for dep_context=non-requeueable deps ti=<TaskInstance: instant_stock_dag.extract manual__2025-03-15T20:42:22.038492+00:00 [queued]>
[2025-03-15T20:42:27.797+0000] {taskinstance.py:2614} INFO - Dependencies all met for dep_context=requeueable deps ti=<TaskInstance: instant_stock_dag.extract manual__2025-03-15T20:42:22.038492+00:00 [queued]>
[2025-03-15T20:42:27.801+0000] {taskinstance.py:2867} INFO - Starting attempt 1 of 2
[2025-03-15T20:42:27.831+0000] {taskinstance.py:2890} INFO - Executing <Task(PythonOperator): extract> on 2025-03-15 20:42:22.038492+00:00
[2025-03-15T20:42:27.851+0000] {warnings.py:112} WARNING - /home/***/.local/lib/python3.12/site-packages/***/task/task_runner/standard_task_runner.py:70: DeprecationWarning: This process (pid=119) is multi-threaded, use of fork() may lead to deadlocks in the child.
  pid = os.fork()

[2025-03-15T20:42:27.853+0000] {standard_task_runner.py:72} INFO - Started process 120 to run task
[2025-03-15T20:42:27.854+0000] {standard_task_runner.py:104} INFO - Running: ['***', 'tasks', 'run', 'instant_stock_dag', 'extract', 'manual__2025-03-15T20:42:22.038492+00:00', '--job-id', '158', '--raw', '--subdir', 'DAGS_FOLDER/blog_dag.py', '--cfg-path', '/tmp/tmpo74mwyf7']
[2025-03-15T20:42:27.859+0000] {standard_task_runner.py:105} INFO - Job 158: Subtask extract
[2025-03-15T20:42:27.908+0000] {task_command.py:467} INFO - Running <TaskInstance: instant_stock_dag.extract manual__2025-03-15T20:42:22.038492+00:00 [running]> on host b2504bd3bf4c
[2025-03-15T20:42:28.002+0000] {taskinstance.py:3134} INFO - Exporting env vars: AIRFLOW_CTX_DAG_OWNER='***' AIRFLOW_CTX_DAG_ID='instant_stock_dag' AIRFLOW_CTX_TASK_ID='extract' AIRFLOW_CTX_EXECUTION_DATE='2025-03-15T20:42:22.038492+00:00' AIRFLOW_CTX_TRY_NUMBER='1' AIRFLOW_CTX_DAG_RUN_ID='manual__2025-03-15T20:42:22.038492+00:00'
[2025-03-15T20:42:28.011+0000] {logging_mixin.py:190} INFO - Task instance is in running state
[2025-03-15T20:42:28.012+0000] {logging_mixin.py:190} INFO -  Previous state of the Task instance: queued
[2025-03-15T20:42:28.014+0000] {logging_mixin.py:190} INFO - Current task name:extract state:running start_date:2025-03-15 20:42:27.777342+00:00
[2025-03-15T20:42:28.015+0000] {logging_mixin.py:190} INFO - Dag name:instant_stock_dag and current dag run status:running
[2025-03-15T20:42:28.015+0000] {taskinstance.py:732} INFO - ::endgroup::
[2025-03-15T20:42:29.449+0000] {logging_mixin.py:190} INFO - ❌ Error fetching 039240.KS: 'NoneType' object has no attribute 'group'
[2025-03-15T20:42:30.681+0000] {logging_mixin.py:190} INFO - ❌ Error fetching 010130.KS: 'NoneType' object has no attribute 'group'
[2025-03-15T20:42:31.979+0000] {logging_mixin.py:190} INFO - ❌ Error fetching 026910.KS: 'NoneType' object has no attribute 'group'
[2025-03-15T20:42:33.279+0000] {logging_mixin.py:190} INFO - ❌ Error fetching 053270.KS: 'NoneType' object has no attribute 'group'
[2025-03-15T20:42:34.441+0000] {logging_mixin.py:190} INFO - ❌ Error fetching 006050.KS: 'NoneType' object has no attribute 'group'
[2025-03-15T20:42:35.699+0000] {logging_mixin.py:190} INFO - ❌ Error fetching 014530.KS: 'NoneType' object has no attribute 'group'
[2025-03-15T20:42:36.809+0000] {logging_mixin.py:190} INFO - ❌ Error fetching 001570.KS: 'NoneType' object has no attribute 'group'
[2025-03-15T20:42:38.092+0000] {logging_mixin.py:190} INFO - ❌ Error fetching 035460.KS: 'NoneType' object has no attribute 'group'
[2025-03-15T20:42:39.301+0000] {logging_mixin.py:190} INFO - ❌ Error fetching 013700.KS: 'NoneType' object has no attribute 'group'
[2025-03-15T20:42:40.496+0000] {logging_mixin.py:190} INFO - ❌ Error fetching 004540.KS: 'NoneType' object has no attribute 'group'
[2025-03-15T20:42:41.650+0000] {logging_mixin.py:190} INFO - ❌ Error fetching 311390.KS: 'NoneType' object has no attribute 'group'
[2025-03-15T20:42:42.810+0000] {logging_mixin.py:190} INFO - ❌ Error fetching 137940.KS: 'NoneType' object has no attribute 'group'
[2025-03-15T20:42:44.543+0000] {logging_mixin.py:190} INFO - ❌ Error fetching 376930.KS: 'NoneType' object has no attribute 'group'
[2025-03-15T20:42:45.751+0000] {logging_mixin.py:190} INFO - ❌ Error fetching 069140.KS: 'NoneType' object has no attribute 'group'
[2025-03-15T20:42:47.044+0000] {logging_mixin.py:190} INFO - ❌ Error fetching 060260.KS: 'NoneType' object has no attribute 'group'
[2025-03-15T20:42:48.326+0000] {logging_mixin.py:190} INFO - ❌ Error fetching 030210.KS: 'NoneType' object has no attribute 'group'
[2025-03-15T20:42:49.554+0000] {logging_mixin.py:190} INFO - ❌ Error fetching 019680.KS: 'NoneType' object has no attribute 'group'
[2025-03-15T20:42:50.795+0000] {logging_mixin.py:190} INFO - ❌ Error fetching 004780.KS: 'NoneType' object has no attribute 'group'
[2025-03-15T20:42:52.102+0000] {logging_mixin.py:190} INFO - ❌ Error fetching 084690.KS: 'NoneType' object has no attribute 'group'
[2025-03-15T20:42:53.354+0000] {logging_mixin.py:190} INFO - ❌ Error fetching 084695.KS: 'NoneType' object has no attribute 'group'
[2025-03-15T20:42:54.745+0000] {logging_mixin.py:190} INFO - ❌ Error fetching 128820.KS: 'NoneType' object has no attribute 'group'
[2025-03-15T20:42:56.164+0000] {logging_mixin.py:190} INFO - ❌ Error fetching 027830.KS: 'NoneType' object has no attribute 'group'
[2025-03-15T20:42:57.389+0000] {logging_mixin.py:190} INFO - ❌ Error fetching 020180.KS: 'NoneType' object has no attribute 'group'
[2025-03-15T20:42:58.579+0000] {logging_mixin.py:190} INFO - ❌ Error fetching 009190.KS: 'NoneType' object has no attribute 'group'
[2025-03-15T20:42:59.811+0000] {logging_mixin.py:190} INFO - ❌ Error fetching 014160.KS: 'NoneType' object has no attribute 'group'
[2025-03-15T20:43:00.929+0000] {logging_mixin.py:190} INFO - ❌ Error fetching 006340.KS: 'NoneType' object has no attribute 'group'
[2025-03-15T20:43:02.755+0000] {logging_mixin.py:190} INFO - ❌ Error fetching 078600.KS: 'NoneType' object has no attribute 'group'
[2025-03-15T20:43:04.043+0000] {logging_mixin.py:190} INFO - ❌ Error fetching 016090.KS: 'NoneType' object has no attribute 'group'
[2025-03-15T20:43:05.284+0000] {logging_mixin.py:190} INFO - ❌ Error fetching 004830.KS: 'NoneType' object has no attribute 'group'
[2025-03-15T20:43:06.588+0000] {logging_mixin.py:190} INFO - ❌ Error fetching 004835.KS: 'NoneType' object has no attribute 'group'
[2025-03-15T20:43:07.803+0000] {logging_mixin.py:190} INFO - ❌ Error fetching 002150.KS: 'NoneType' object has no attribute 'group'
[2025-03-15T20:43:08.985+0000] {logging_mixin.py:190} INFO - ❌ Error fetching 099410.KS: 'NoneType' object has no attribute 'group'
[2025-03-15T20:43:10.208+0000] {logging_mixin.py:190} INFO - ❌ Error fetching 025950.KS: 'NoneType' object has no attribute 'group'
[2025-03-15T20:43:11.438+0000] {logging_mixin.py:190} INFO - ❌ Error fetching 018500.KS: 'NoneType' object has no attribute 'group'
[2025-03-15T20:43:12.650+0000] {logging_mixin.py:190} INFO - ❌ Error fetching 109860.KS: 'NoneType' object has no attribute 'group'
[2025-03-15T20:43:13.983+0000] {logging_mixin.py:190} INFO - ❌ Error fetching 032960.KS: 'NoneType' object has no attribute 'group'
[2025-03-15T20:43:15.193+0000] {logging_mixin.py:190} INFO - ❌ Error fetching 113810.KS: 'NoneType' object has no attribute 'group'
[2025-03-15T20:43:16.381+0000] {logging_mixin.py:190} INFO - ❌ Error fetching 197140.KS: 'NoneType' object has no attribute 'group'
[2025-03-15T20:43:17.531+0000] {logging_mixin.py:190} INFO - ❌ Error fetching 187220.KS: 'NoneType' object has no attribute 'group'
[2025-03-15T20:43:18.835+0000] {logging_mixin.py:190} INFO - ❌ Error fetching 383930.KS: 'NoneType' object has no attribute 'group'
[2025-03-15T20:43:20.121+0000] {logging_mixin.py:190} INFO - ❌ Error fetching 300120.KS: 'NoneType' object has no attribute 'group'
[2025-03-15T20:43:21.288+0000] {logging_mixin.py:190} INFO - ❌ Error fetching 073570.KS: 'NoneType' object has no attribute 'group'
[2025-03-15T20:43:22.550+0000] {logging_mixin.py:190} INFO - ❌ Error fetching 042500.KS: 'NoneType' object has no attribute 'group'
[2025-03-15T20:43:23.742+0000] {logging_mixin.py:190} INFO - ❌ Error fetching 038290.KS: 'NoneType' object has no attribute 'group'
[2025-03-15T20:43:24.911+0000] {logging_mixin.py:190} INFO - ❌ Error fetching 059210.KS: 'NoneType' object has no attribute 'group'
[2025-03-15T20:43:26.216+0000] {logging_mixin.py:190} INFO - ❌ Error fetching 118000.KS: 'NoneType' object has no attribute 'group'
[2025-03-15T20:43:27.472+0000] {logging_mixin.py:190} INFO - ❌ Error fetching 417970.KS: 'NoneType' object has no attribute 'group'
[2025-03-15T20:43:28.776+0000] {logging_mixin.py:190} INFO - ❌ Error fetching 214610.KS: 'NoneType' object has no attribute 'group'
[2025-03-15T20:43:29.974+0000] {logging_mixin.py:190} INFO - ❌ Error fetching 331520.KS: 'NoneType' object has no attribute 'group'
[2025-03-15T20:43:31.003+0000] {logging_mixin.py:190} INFO - ❌ Error fetching 199480.KS: 'NoneType' object has no attribute 'group'
[2025-03-15T20:43:32.200+0000] {logging_mixin.py:190} INFO - ❌ Error fetching 002410.KS: 'NoneType' object has no attribute 'group'
[2025-03-15T20:43:33.350+0000] {logging_mixin.py:190} INFO - ❌ Error fetching 007210.KS: 'NoneType' object has no attribute 'group'
[2025-03-15T20:43:34.579+0000] {logging_mixin.py:190} INFO - ❌ Error fetching 225530.KS: 'NoneType' object has no attribute 'group'
[2025-03-15T20:43:35.755+0000] {logging_mixin.py:190} INFO - ❌ Error fetching 250000.KS: 'NoneType' object has no attribute 'group'
[2025-03-15T20:43:36.964+0000] {logging_mixin.py:190} INFO - ❌ Error fetching 000890.KS: 'NoneType' object has no attribute 'group'
[2025-03-15T20:43:38.178+0000] {logging_mixin.py:190} INFO - ❌ Error fetching 014470.KS: 'NoneType' object has no attribute 'group'
[2025-03-15T20:43:39.324+0000] {logging_mixin.py:190} INFO - ❌ Error fetching 064480.KS: 'NoneType' object has no attribute 'group'
[2025-03-15T20:43:40.621+0000] {logging_mixin.py:190} INFO - ❌ Error fetching 002070.KS: 'NoneType' object has no attribute 'group'
[2025-03-15T20:43:41.783+0000] {logging_mixin.py:190} INFO - ❌ Error fetching 413640.KS: 'NoneType' object has no attribute 'group'
[2025-03-15T20:43:42.989+0000] {logging_mixin.py:190} INFO - ❌ Error fetching 050090.KS: 'NoneType' object has no attribute 'group'
[2025-03-15T20:43:44.154+0000] {logging_mixin.py:190} INFO - ❌ Error fetching 032850.KS: 'NoneType' object has no attribute 'group'
[2025-03-15T20:43:45.355+0000] {logging_mixin.py:190} INFO - ❌ Error fetching 069540.KS: 'NoneType' object has no attribute 'group'
[2025-03-15T20:43:46.660+0000] {logging_mixin.py:190} INFO - ❌ Error fetching 018310.KS: 'NoneType' object has no attribute 'group'
[2025-03-15T20:43:47.874+0000] {logging_mixin.py:190} INFO - ❌ Error fetching 053700.KS: 'NoneType' object has no attribute 'group'
[2025-03-15T20:43:49.073+0000] {logging_mixin.py:190} INFO - ❌ Error fetching 009620.KS: 'NoneType' object has no attribute 'group'
[2025-03-15T20:43:50.269+0000] {logging_mixin.py:190} INFO - ❌ Error fetching 003720.KS: 'NoneType' object has no attribute 'group'
[2025-03-15T20:43:51.484+0000] {logging_mixin.py:190} INFO - ❌ Error fetching 002450.KS: 'NoneType' object has no attribute 'group'
[2025-03-15T20:43:52.624+0000] {logging_mixin.py:190} INFO - ❌ Error fetching 032280.KS: 'NoneType' object has no attribute 'group'
[2025-03-15T20:43:53.865+0000] {logging_mixin.py:190} INFO - ❌ Error fetching 002290.KS: 'NoneType' object has no attribute 'group'
[2025-03-15T20:43:55.398+0000] {logging_mixin.py:190} INFO - ❌ Error fetching 024950.KS: 'NoneType' object has no attribute 'group'
[2025-03-15T20:43:56.676+0000] {logging_mixin.py:190} INFO - ❌ Error fetching 042940.KS: 'NoneType' object has no attribute 'group'
[2025-03-15T20:43:57.937+0000] {logging_mixin.py:190} INFO - ❌ Error fetching 038070.KS: 'NoneType' object has no attribute 'group'
[2025-03-15T20:43:59.282+0000] {logging_mixin.py:190} INFO - ❌ Error fetching 018680.KS: 'NoneType' object has no attribute 'group'
[2025-03-15T20:44:00.623+0000] {logging_mixin.py:190} INFO - ❌ Error fetching 011370.KS: 'NoneType' object has no attribute 'group'
[2025-03-15T20:44:01.961+0000] {logging_mixin.py:190} INFO - ❌ Error fetching 015750.KS: 'NoneType' object has no attribute 'group'
[2025-03-15T20:44:03.199+0000] {logging_mixin.py:190} INFO - ❌ Error fetching 000180.KS: 'NoneType' object has no attribute 'group'
[2025-03-15T20:44:04.498+0000] {logging_mixin.py:190} INFO - ❌ Error fetching 013000.KS: 'NoneType' object has no attribute 'group'
[2025-03-15T20:44:05.693+0000] {logging_mixin.py:190} INFO - ❌ Error fetching 024830.KS: 'NoneType' object has no attribute 'group'
[2025-03-15T20:44:06.921+0000] {logging_mixin.py:190} INFO - ❌ Error fetching 021820.KS: 'NoneType' object has no attribute 'group'
[2025-03-15T20:44:08.222+0000] {logging_mixin.py:190} INFO - ❌ Error fetching 039310.KS: 'NoneType' object has no attribute 'group'
[2025-03-15T20:44:09.656+0000] {logging_mixin.py:190} INFO - ❌ Error fetching 258790.KS: 'NoneType' object has no attribute 'group'
[2025-03-15T20:44:10.810+0000] {logging_mixin.py:190} INFO - ❌ Error fetching 035610.KS: 'NoneType' object has no attribute 'group'
[2025-03-15T20:44:12.182+0000] {logging_mixin.py:190} INFO - ❌ Error fetching 050960.KS: 'NoneType' object has no attribute 'group'
[2025-03-15T20:44:13.781+0000] {logging_mixin.py:190} INFO - ❌ Error fetching 084180.KS: 'NoneType' object has no attribute 'group'
[2025-03-15T20:44:15.124+0000] {logging_mixin.py:190} INFO - ❌ Error fetching 094840.KS: 'NoneType' object has no attribute 'group'
[2025-03-15T20:44:16.335+0000] {logging_mixin.py:190} INFO - ❌ Error fetching 013810.KS: 'NoneType' object has no attribute 'group'
[2025-03-15T20:44:17.849+0000] {logging_mixin.py:190} INFO - ❌ Error fetching 020710.KS: 'NoneType' object has no attribute 'group'
[2025-03-15T20:44:19.259+0000] {logging_mixin.py:190} INFO - ❌ Error fetching 033170.KS: 'NoneType' object has no attribute 'group'
[2025-03-15T20:44:20.568+0000] {logging_mixin.py:190} INFO - ❌ Error fetching 006880.KS: 'NoneType' object has no attribute 'group'
[2025-03-15T20:44:21.779+0000] {logging_mixin.py:190} INFO - ❌ Error fetching 002870.KS: 'NoneType' object has no attribute 'group'
[2025-03-15T20:44:23.050+0000] {logging_mixin.py:190} INFO - ❌ Error fetching 036710.KS: 'NoneType' object has no attribute 'group'
[2025-03-15T20:44:24.313+0000] {logging_mixin.py:190} INFO - ❌ Error fetching 004770.KS: 'NoneType' object has no attribute 'group'
[2025-03-15T20:44:25.631+0000] {logging_mixin.py:190} INFO - ❌ Error fetching 208640.KS: 'NoneType' object has no attribute 'group'
[2025-03-15T20:44:27.000+0000] {logging_mixin.py:190} INFO - ❌ Error fetching 050890.KS: 'NoneType' object has no attribute 'group'
[2025-03-15T20:44:28.224+0000] {logging_mixin.py:190} INFO - ❌ Error fetching 066790.KS: 'NoneType' object has no attribute 'group'
[2025-03-15T20:44:29.382+0000] {logging_mixin.py:190} INFO - ❌ Error fetching 340810.KS: 'NoneType' object has no attribute 'group'
[2025-03-15T20:44:30.679+0000] {logging_mixin.py:190} INFO - ❌ Error fetching 260930.KS: 'NoneType' object has no attribute 'group'
[2025-03-15T20:44:32.034+0000] {logging_mixin.py:190} INFO - ❌ Error fetching 052860.KS: 'NoneType' object has no attribute 'group'
[2025-03-15T20:44:33.202+0000] {logging_mixin.py:190} INFO - ❌ Error fetching 124500.KS: 'NoneType' object has no attribute 'group'
[2025-03-15T20:44:34.451+0000] {logging_mixin.py:190} INFO - ❌ Error fetching 032080.KS: 'NoneType' object has no attribute 'group'
[2025-03-15T20:44:35.961+0000] {logging_mixin.py:190} INFO - ❌ Error fetching 013310.KS: 'NoneType' object has no attribute 'group'
[2025-03-15T20:44:37.370+0000] {logging_mixin.py:190} INFO - ❌ Error fetching 200350.KS: 'NoneType' object has no attribute 'group'
[2025-03-15T20:44:38.680+0000] {logging_mixin.py:190} INFO - ❌ Error fetching 321820.KS: 'NoneType' object has no attribute 'group'
[2025-03-15T20:44:40.074+0000] {logging_mixin.py:190} INFO - ❌ Error fetching 053800.KS: 'NoneType' object has no attribute 'group'
[2025-03-15T20:44:41.543+0000] {logging_mixin.py:190} INFO - ❌ Error fetching 085810.KS: 'NoneType' object has no attribute 'group'
[2025-03-15T20:44:42.910+0000] {logging_mixin.py:190} INFO - ❌ Error fetching 043100.KS: 'NoneType' object has no attribute 'group'
[2025-03-15T20:44:44.193+0000] {logging_mixin.py:190} INFO - ❌ Error fetching 179530.KS: 'NoneType' object has no attribute 'group'
[2025-03-15T20:44:45.549+0000] {logging_mixin.py:190} INFO - ❌ Error fetching 270520.KS: 'NoneType' object has no attribute 'group'
[2025-03-15T20:44:46.971+0000] {logging_mixin.py:190} INFO - ❌ Error fetching 011090.KS: 'NoneType' object has no attribute 'group'
[2025-03-15T20:44:48.329+0000] {logging_mixin.py:190} INFO - ❌ Error fetching 038680.KS: 'NoneType' object has no attribute 'group'
[2025-03-15T20:44:49.605+0000] {logging_mixin.py:190} INFO - ❌ Error fetching 045660.KS: 'NoneType' object has no attribute 'group'
[2025-03-15T20:44:50.981+0000] {logging_mixin.py:190} INFO - ❌ Error fetching 224110.KS: 'NoneType' object has no attribute 'group'
[2025-03-15T20:44:52.339+0000] {logging_mixin.py:190} INFO - ❌ Error fetching 021080.KS: 'NoneType' object has no attribute 'group'
[2025-03-15T20:44:53.729+0000] {logging_mixin.py:190} INFO - ❌ Error fetching 038110.KS: 'NoneType' object has no attribute 'group'
[2025-03-15T20:44:54.930+0000] {logging_mixin.py:190} INFO - ❌ Error fetching 317770.KS: 'NoneType' object has no attribute 'group'
[2025-03-15T20:44:56.426+0000] {logging_mixin.py:190} INFO - ❌ Error fetching 067570.KS: 'NoneType' object has no attribute 'group'
[2025-03-15T20:44:57.831+0000] {logging_mixin.py:190} INFO - ❌ Error fetching 069410.KS: 'NoneType' object has no attribute 'group'
[2025-03-15T20:44:59.146+0000] {logging_mixin.py:190} INFO - ❌ Error fetching 014440.KS: 'NoneType' object has no attribute 'group'
[2025-03-15T20:45:00.669+0000] {logging_mixin.py:190} INFO - ❌ Error fetching 036560.KS: 'NoneType' object has no attribute 'group'
[2025-03-15T20:45:01.966+0000] {logging_mixin.py:190} INFO - ❌ Error fetching 012280.KS: 'NoneType' object has no attribute 'group'
[2025-03-15T20:45:03.261+0000] {logging_mixin.py:190} INFO - ❌ Error fetching 002630.KS: 'NoneType' object has no attribute 'group'
[2025-03-15T20:45:04.814+0000] {logging_mixin.py:190} INFO - ❌ Error fetching 065500.KS: 'NoneType' object has no attribute 'group'
[2025-03-15T20:45:06.163+0000] {logging_mixin.py:190} INFO - ❌ Error fetching 010470.KS: 'NoneType' object has no attribute 'group'
[2025-03-15T20:45:07.440+0000] {logging_mixin.py:190} INFO - ❌ Error fetching 352910.KS: 'NoneType' object has no attribute 'group'
[2025-03-15T20:45:08.708+0000] {logging_mixin.py:190} INFO - ❌ Error fetching 052300.KS: 'NoneType' object has no attribute 'group'
[2025-03-15T20:45:10.183+0000] {logging_mixin.py:190} INFO - ❌ Error fetching 173130.KS: 'NoneType' object has no attribute 'group'
[2025-03-15T20:45:11.629+0000] {logging_mixin.py:190} INFO - ❌ Error fetching 440320.KS: 'NoneType' object has no attribute 'group'
[2025-03-15T20:45:13.154+0000] {logging_mixin.py:190} INFO - ❌ Error fetching 049480.KS: 'NoneType' object has no attribute 'group'
[2025-03-15T20:45:14.578+0000] {logging_mixin.py:190} INFO - ❌ Error fetching 005320.KS: 'NoneType' object has no attribute 'group'
[2025-03-15T20:45:15.886+0000] {logging_mixin.py:190} INFO - ❌ Error fetching 109080.KS: 'NoneType' object has no attribute 'group'
[2025-03-15T20:45:17.274+0000] {logging_mixin.py:190} INFO - ❌ Error fetching 079000.KS: 'NoneType' object has no attribute 'group'
[2025-03-15T20:45:18.636+0000] {logging_mixin.py:190} INFO - ❌ Error fetching 101170.KS: 'NoneType' object has no attribute 'group'
[2025-03-15T20:45:20.012+0000] {logging_mixin.py:190} INFO - ❌ Error fetching 046940.KS: 'NoneType' object has no attribute 'group'
[2025-03-15T20:45:21.244+0000] {logging_mixin.py:190} INFO - ❌ Error fetching 014190.KS: 'NoneType' object has no attribute 'group'
[2025-03-15T20:45:22.638+0000] {logging_mixin.py:190} INFO - ❌ Error fetching 376980.KS: 'NoneType' object has no attribute 'group'
[2025-03-15T20:45:23.808+0000] {logging_mixin.py:190} INFO - ❌ Error fetching 065370.KS: 'NoneType' object has no attribute 'group'
[2025-03-15T20:45:25.270+0000] {logging_mixin.py:190} INFO - ❌ Error fetching 299900.KS: 'NoneType' object has no attribute 'group'
[2025-03-15T20:45:26.657+0000] {logging_mixin.py:190} INFO - ❌ Error fetching 136540.KS: 'NoneType' object has no attribute 'group'
[2025-03-15T20:45:27.924+0000] {logging_mixin.py:190} INFO - ❌ Error fetching 192390.KS: 'NoneType' object has no attribute 'group'
[2025-03-15T20:45:29.287+0000] {logging_mixin.py:190} INFO - ❌ Error fetching 008600.KS: 'NoneType' object has no attribute 'group'
[2025-03-15T20:45:30.631+0000] {logging_mixin.py:190} INFO - ❌ Error fetching 446070.KS: 'NoneType' object has no attribute 'group'
[2025-03-15T20:45:31.997+0000] {logging_mixin.py:190} INFO - ❌ Error fetching 084440.KS: 'NoneType' object has no attribute 'group'
[2025-03-15T20:45:33.215+0000] {logging_mixin.py:190} INFO - ❌ Error fetching 069330.KS: 'NoneType' object has no attribute 'group'
[2025-03-15T20:45:34.650+0000] {logging_mixin.py:190} INFO - ❌ Error fetching 049520.KS: 'NoneType' object has no attribute 'group'
[2025-03-15T20:45:35.975+0000] {logging_mixin.py:190} INFO - ❌ Error fetching 000220.KS: 'NoneType' object has no attribute 'group'
[2025-03-15T20:45:37.348+0000] {logging_mixin.py:190} INFO - ❌ Error fetching 221800.KS: 'NoneType' object has no attribute 'group'
[2025-03-15T20:45:38.798+0000] {logging_mixin.py:190} INFO - ❌ Error fetching 039020.KS: 'NoneType' object has no attribute 'group'
[2025-03-15T20:45:40.109+0000] {logging_mixin.py:190} INFO - ❌ Error fetching 053350.KS: 'NoneType' object has no attribute 'group'
[2025-03-15T20:45:41.528+0000] {logging_mixin.py:190} INFO - ❌ Error fetching 015020.KS: 'NoneType' object has no attribute 'group'
[2025-03-15T20:45:42.992+0000] {logging_mixin.py:190} INFO - ❌ Error fetching 450520.KS: 'NoneType' object has no attribute 'group'
[2025-03-15T20:45:44.364+0000] {logging_mixin.py:190} INFO - ❌ Error fetching 129260.KS: 'NoneType' object has no attribute 'group'
[2025-03-15T20:45:45.706+0000] {logging_mixin.py:190} INFO - ❌ Error fetching 013360.KS: 'NoneType' object has no attribute 'group'
[2025-03-15T20:45:46.947+0000] {logging_mixin.py:190} INFO - ❌ Error fetching 234920.KS: 'NoneType' object has no attribute 'group'
[2025-03-15T20:45:48.224+0000] {logging_mixin.py:190} INFO - ❌ Error fetching 208140.KS: 'NoneType' object has no attribute 'group'
[2025-03-15T20:45:49.725+0000] {logging_mixin.py:190} INFO - ❌ Error fetching 159580.KS: 'NoneType' object has no attribute 'group'
[2025-03-15T20:45:51.046+0000] {logging_mixin.py:190} INFO - ❌ Error fetching 038010.KS: 'NoneType' object has no attribute 'group'
[2025-03-15T20:45:52.263+0000] {logging_mixin.py:190} INFO - ❌ Error fetching 053050.KS: 'NoneType' object has no attribute 'group'
[2025-03-15T20:45:53.586+0000] {logging_mixin.py:190} INFO - ❌ Error fetching 204840.KS: 'NoneType' object has no attribute 'group'
[2025-03-15T20:45:54.860+0000] {logging_mixin.py:190} INFO - ❌ Error fetching 003780.KS: 'NoneType' object has no attribute 'group'
[2025-03-15T20:45:56.222+0000] {logging_mixin.py:190} INFO - ❌ Error fetching 010640.KS: 'NoneType' object has no attribute 'group'
[2025-03-15T20:45:57.601+0000] {logging_mixin.py:190} INFO - ❌ Error fetching 100250.KS: 'NoneType' object has no attribute 'group'
[2025-03-15T20:45:58.868+0000] {logging_mixin.py:190} INFO - ❌ Error fetching 051630.KS: 'NoneType' object has no attribute 'group'
[2025-03-15T20:46:00.265+0000] {logging_mixin.py:190} INFO - ❌ Error fetching 002780.KS: 'NoneType' object has no attribute 'group'
[2025-03-15T20:46:01.676+0000] {logging_mixin.py:190} INFO - ❌ Error fetching 033250.KS: 'NoneType' object has no attribute 'group'
[2025-03-15T20:46:03.285+0000] {logging_mixin.py:190} INFO - ❌ Error fetching 016920.KS: 'NoneType' object has no attribute 'group'
[2025-03-15T20:46:04.664+0000] {logging_mixin.py:190} INFO - ❌ Error fetching 050110.KS: 'NoneType' object has no attribute 'group'
[2025-03-15T20:46:05.981+0000] {logging_mixin.py:190} INFO - ❌ Error fetching 307930.KS: 'NoneType' object has no attribute 'group'
[2025-03-15T20:46:07.327+0000] {logging_mixin.py:190} INFO - ❌ Error fetching 001620.KS: 'NoneType' object has no attribute 'group'
[2025-03-15T20:46:08.629+0000] {logging_mixin.py:190} INFO - ❌ Error fetching 025880.KS: 'NoneType' object has no attribute 'group'
[2025-03-15T20:46:10.036+0000] {logging_mixin.py:190} INFO - ❌ Error fetching 093640.KS: 'NoneType' object has no attribute 'group'
[2025-03-15T20:46:11.443+0000] {logging_mixin.py:190} INFO - ❌ Error fetching 145270.KS: 'NoneType' object has no attribute 'group'
[2025-03-15T20:46:12.715+0000] {logging_mixin.py:190} INFO - ❌ Error fetching 052400.KS: 'NoneType' object has no attribute 'group'
[2025-03-15T20:46:14.117+0000] {logging_mixin.py:190} INFO - ❌ Error fetching 027050.KS: 'NoneType' object has no attribute 'group'
[2025-03-15T20:46:15.298+0000] {logging_mixin.py:190} INFO - ❌ Error fetching 049430.KS: 'NoneType' object has no attribute 'group'
[2025-03-15T20:46:16.598+0000] {logging_mixin.py:190} INFO - ❌ Error fetching 002020.KS: 'NoneType' object has no attribute 'group'
[2025-03-15T20:46:17.922+0000] {logging_mixin.py:190} INFO - ❌ Error fetching 003070.KS: 'NoneType' object has no attribute 'group'
[2025-03-15T20:46:19.111+0000] {logging_mixin.py:190} INFO - ❌ Error fetching 450140.KS: 'NoneType' object has no attribute 'group'
[2025-03-15T20:46:20.485+0000] {logging_mixin.py:190} INFO - ❌ Error fetching 121850.KS: 'NoneType' object has no attribute 'group'
[2025-03-15T20:46:21.690+0000] {logging_mixin.py:190} INFO - ❌ Error fetching 031820.KS: 'NoneType' object has no attribute 'group'
[2025-03-15T20:46:23.139+0000] {logging_mixin.py:190} INFO - ❌ Error fetching 110790.KS: 'NoneType' object has no attribute 'group'
[2025-03-15T20:46:24.426+0000] {logging_mixin.py:190} INFO - ❌ Error fetching 004100.KS: 'NoneType' object has no attribute 'group'
[2025-03-15T20:46:25.669+0000] {logging_mixin.py:190} INFO - ❌ Error fetching 004105.KS: 'NoneType' object has no attribute 'group'
[2025-03-15T20:46:27.183+0000] {logging_mixin.py:190} INFO - ❌ Error fetching 009410.KS: 'NoneType' object has no attribute 'group'
[2025-03-15T20:46:28.509+0000] {logging_mixin.py:190} INFO - ❌ Error fetching 009415.KS: 'NoneType' object has no attribute 'group'
[2025-03-15T20:46:30.044+0000] {logging_mixin.py:190} INFO - ❌ Error fetching 051360.KS: 'NoneType' object has no attribute 'group'
[2025-03-15T20:46:31.228+0000] {logging_mixin.py:190} INFO - ❌ Error fetching 045340.KS: 'NoneType' object has no attribute 'group'
[2025-03-15T20:46:32.346+0000] {logging_mixin.py:190} INFO - ❌ Error fetching 026150.KS: 'NoneType' object has no attribute 'group'
[2025-03-15T20:46:33.725+0000] {logging_mixin.py:190} INFO - ❌ Error fetching 033830.KS: 'NoneType' object has no attribute 'group'
[2025-03-15T20:46:35.001+0000] {logging_mixin.py:190} INFO - ❌ Error fetching 057680.KS: 'NoneType' object has no attribute 'group'
[2025-03-15T20:46:36.227+0000] {logging_mixin.py:190} INFO - ❌ Error fetching 019180.KS: 'NoneType' object has no attribute 'group'
[2025-03-15T20:46:37.631+0000] {logging_mixin.py:190} INFO - ❌ Error fetching 131100.KS: 'NoneType' object has no attribute 'group'
[2025-03-15T20:46:38.857+0000] {logging_mixin.py:190} INFO - ❌ Error fetching 130740.KS: 'NoneType' object has no attribute 'group'
[2025-03-15T20:46:40.251+0000] {logging_mixin.py:190} INFO - ❌ Error fetching 033540.KS: 'NoneType' object has no attribute 'group'
[2025-03-15T20:46:41.524+0000] {logging_mixin.py:190} INFO - ❌ Error fetching 106240.KS: 'NoneType' object has no attribute 'group'
[2025-03-15T20:46:42.805+0000] {logging_mixin.py:190} INFO - ❌ Error fetching 318010.KS: 'NoneType' object has no attribute 'group'
[2025-03-15T20:46:43.983+0000] {logging_mixin.py:190} INFO - ❌ Error fetching 036580.KS: 'NoneType' object has no attribute 'group'
[2025-03-15T20:46:45.301+0000] {logging_mixin.py:190} INFO - ❌ Error fetching 090080.KS: 'NoneType' object has no attribute 'group'
[2025-03-15T20:46:46.672+0000] {logging_mixin.py:190} INFO - ❌ Error fetching 010770.KS: 'NoneType' object has no attribute 'group'
[2025-03-15T20:46:47.965+0000] {logging_mixin.py:190} INFO - ❌ Error fetching 005670.KS: 'NoneType' object has no attribute 'group'
[2025-03-15T20:46:49.359+0000] {logging_mixin.py:190} INFO - ❌ Error fetching 950210.KS: 'NoneType' object has no attribute 'group'
[2025-03-15T20:46:50.830+0000] {logging_mixin.py:190} INFO - ❌ Error fetching 053160.KS: 'NoneType' object has no attribute 'group'
[2025-03-15T20:46:52.052+0000] {logging_mixin.py:190} INFO - ❌ Error fetching 075130.KS: 'NoneType' object has no attribute 'group'
[2025-03-15T20:46:53.295+0000] {logging_mixin.py:190} INFO - ❌ Error fetching 163730.KS: 'NoneType' object has no attribute 'group'
[2025-03-15T20:46:54.695+0000] {logging_mixin.py:190} INFO - ❌ Error fetching 066130.KS: 'NoneType' object has no attribute 'group'
[2025-03-15T20:46:56.006+0000] {logging_mixin.py:190} INFO - ❌ Error fetching 222980.KS: 'NoneType' object has no attribute 'group'
[2025-03-15T20:46:57.486+0000] {logging_mixin.py:190} INFO - ❌ Error fetching 025550.KS: 'NoneType' object has no attribute 'group'
[2025-03-15T20:46:58.756+0000] {logging_mixin.py:190} INFO - ❌ Error fetching 002200.KS: 'NoneType' object has no attribute 'group'
[2025-03-15T20:46:59.966+0000] {logging_mixin.py:190} INFO - ❌ Error fetching 101680.KS: 'NoneType' object has no attribute 'group'
[2025-03-15T20:47:01.442+0000] {logging_mixin.py:190} INFO - ❌ Error fetching 039740.KS: 'NoneType' object has no attribute 'group'
[2025-03-15T20:47:02.673+0000] {logging_mixin.py:190} INFO - ❌ Error fetching 023350.KS: 'NoneType' object has no attribute 'group'
[2025-03-15T20:47:03.836+0000] {logging_mixin.py:190} INFO - ❌ Error fetching 034830.KS: 'NoneType' object has no attribute 'group'
[2025-03-15T20:47:05.165+0000] {logging_mixin.py:190} INFO - ❌ Error fetching 003680.KS: 'NoneType' object has no attribute 'group'
[2025-03-15T20:47:06.609+0000] {logging_mixin.py:190} INFO - ❌ Error fetching 025750.KS: 'NoneType' object has no attribute 'group'
[2025-03-15T20:47:07.783+0000] {logging_mixin.py:190} INFO - ❌ Error fetching 014130.KS: 'NoneType' object has no attribute 'group'
[2025-03-15T20:47:09.171+0000] {logging_mixin.py:190} INFO - ❌ Error fetching 024740.KS: 'NoneType' object has no attribute 'group'
[2025-03-15T20:47:10.596+0000] {logging_mixin.py:190} INFO - ❌ Error fetching 007770.KS: 'NoneType' object has no attribute 'group'
[2025-03-15T20:47:11.942+0000] {logging_mixin.py:190} INFO - ❌ Error fetching 009460.KS: 'NoneType' object has no attribute 'group'
[2025-03-15T20:47:13.201+0000] {logging_mixin.py:190} INFO - ❌ Error fetching 092300.KS: 'NoneType' object has no attribute 'group'
[2025-03-15T20:47:14.385+0000] {logging_mixin.py:190} INFO - ❌ Error fetching 093240.KS: 'NoneType' object has no attribute 'group'
[2025-03-15T20:47:15.714+0000] {logging_mixin.py:190} INFO - ❌ Error fetching 011080.KS: 'NoneType' object has no attribute 'group'
[2025-03-15T20:47:17.093+0000] {logging_mixin.py:190} INFO - ❌ Error fetching 060560.KS: 'NoneType' object has no attribute 'group'
[2025-03-15T20:47:18.502+0000] {logging_mixin.py:190} INFO - ❌ Error fetching 126640.KS: 'NoneType' object has no attribute 'group'
[2025-03-15T20:47:19.776+0000] {logging_mixin.py:190} INFO - ❌ Error fetching 010660.KS: 'NoneType' object has no attribute 'group'
[2025-03-15T20:47:21.175+0000] {logging_mixin.py:190} INFO - ❌ Error fetching 000850.KS: 'NoneType' object has no attribute 'group'
[2025-03-15T20:47:22.383+0000] {logging_mixin.py:190} INFO - ❌ Error fetching 097870.KS: 'NoneType' object has no attribute 'group'
[2025-03-15T20:47:23.777+0000] {logging_mixin.py:190} INFO - ❌ Error fetching 078590.KS: 'NoneType' object has no attribute 'group'
[2025-03-15T20:47:25.138+0000] {logging_mixin.py:190} INFO - ❌ Error fetching 115160.KS: 'NoneType' object has no attribute 'group'
[2025-03-15T20:47:26.515+0000] {logging_mixin.py:190} INFO - ❌ Error fetching 028080.KS: 'NoneType' object has no attribute 'group'
[2025-03-15T20:47:27.812+0000] {logging_mixin.py:190} INFO - ❌ Error fetching 010240.KS: 'NoneType' object has no attribute 'group'
[2025-03-15T20:47:29.037+0000] {logging_mixin.py:190} INFO - ❌ Error fetching 003280.KS: 'NoneType' object has no attribute 'group'
[2025-03-15T20:47:30.446+0000] {logging_mixin.py:190} INFO - ❌ Error fetching 065770.KS: 'NoneType' object has no attribute 'group'
[2025-03-15T20:47:31.677+0000] {logging_mixin.py:190} INFO - ❌ Error fetching 155660.KS: 'NoneType' object has no attribute 'group'
[2025-03-15T20:47:32.894+0000] {logging_mixin.py:190} INFO - ❌ Error fetching 069730.KS: 'NoneType' object has no attribute 'group'
[2025-03-15T20:47:34.143+0000] {logging_mixin.py:190} INFO - ❌ Error fetching 130500.KS: 'NoneType' object has no attribute 'group'
[2025-03-15T20:47:35.433+0000] {logging_mixin.py:190} INFO - ❌ Error fetching 052220.KS: 'NoneType' object has no attribute 'group'
[2025-03-15T20:47:36.717+0000] {logging_mixin.py:190} INFO - ❌ Error fetching 021320.KS: 'NoneType' object has no attribute 'group'
[2025-03-15T20:47:38.169+0000] {logging_mixin.py:190} INFO - ❌ Error fetching 044180.KS: 'NoneType' object has no attribute 'group'
[2025-03-15T20:47:39.395+0000] {logging_mixin.py:190} INFO - ❌ Error fetching 058400.KS: 'NoneType' object has no attribute 'group'
[2025-03-15T20:47:40.832+0000] {logging_mixin.py:190} INFO - ❌ Error fetching 000680.KS: 'NoneType' object has no attribute 'group'
[2025-03-15T20:47:42.299+0000] {logging_mixin.py:190} INFO - ❌ Error fetching 023150.KS: 'NoneType' object has no attribute 'group'
[2025-03-15T20:47:43.510+0000] {logging_mixin.py:190} INFO - ❌ Error fetching 053290.KS: 'NoneType' object has no attribute 'group'
[2025-03-15T20:47:44.772+0000] {logging_mixin.py:190} INFO - ❌ Error fetching 024940.KS: 'NoneType' object has no attribute 'group'
[2025-03-15T20:47:46.133+0000] {logging_mixin.py:190} INFO - ❌ Error fetching 099220.KS: 'NoneType' object has no attribute 'group'
[2025-03-15T20:47:47.483+0000] {logging_mixin.py:190} INFO - ❌ Error fetching 001380.KS: 'NoneType' object has no attribute 'group'
[2025-03-15T20:47:48.750+0000] {logging_mixin.py:190} INFO - ❌ Error fetching 022220.KS: 'NoneType' object has no attribute 'group'
[2025-03-15T20:47:49.972+0000] {logging_mixin.py:190} INFO - ❌ Error fetching 007980.KS: 'NoneType' object has no attribute 'group'
[2025-03-15T20:47:51.376+0000] {logging_mixin.py:190} INFO - ❌ Error fetching 024070.KS: 'NoneType' object has no attribute 'group'
[2025-03-15T20:47:52.709+0000] {logging_mixin.py:190} INFO - ❌ Error fetching 057030.KS: 'NoneType' object has no attribute 'group'
[2025-03-15T20:47:52.713+0000] {python.py:240} INFO - Done. Returned value was: None
[2025-03-15T20:47:52.772+0000] {taskinstance.py:341} INFO - ::group::Post task execution logs
[2025-03-15T20:47:52.777+0000] {taskinstance.py:353} INFO - Marking task as SUCCESS. dag_id=instant_stock_dag, task_id=extract, run_id=manual__2025-03-15T20:42:22.038492+00:00, execution_date=20250315T204222, start_date=20250315T204227, end_date=20250315T204752
[2025-03-15T20:47:52.830+0000] {logging_mixin.py:190} INFO - Task instance in success state
[2025-03-15T20:47:52.831+0000] {logging_mixin.py:190} INFO -  Previous state of the Task instance: running
[2025-03-15T20:47:52.832+0000] {logging_mixin.py:190} INFO - Dag name:instant_stock_dag queued_at:2025-03-15 20:42:22.047894+00:00
[2025-03-15T20:47:52.832+0000] {logging_mixin.py:190} INFO - Task hostname:b2504bd3bf4c operator:PythonOperator
[2025-03-15T20:47:52.868+0000] {local_task_job_runner.py:266} INFO - Task exited with return code 0
[2025-03-15T20:47:52.938+0000] {standard_task_runner.py:217} INFO - Process not found (most likely exited), stop collecting metrics
[2025-03-15T20:47:52.949+0000] {taskinstance.py:3901} INFO - 1 downstream tasks scheduled from follow-on schedule check
[2025-03-15T20:47:52.952+0000] {local_task_job_runner.py:245} INFO - ::endgroup::
