[2025-03-27T15:01:02.522+0000] {local_task_job_runner.py:123} INFO - ::group::Pre task execution logs
[2025-03-27T15:01:02.529+0000] {taskinstance.py:2614} INFO - Dependencies all met for dep_context=non-requeueable deps ti=<TaskInstance: naver_dag.extract scheduled__2025-03-26T15:01:00+00:00 [queued]>
[2025-03-27T15:01:02.531+0000] {taskinstance.py:2614} INFO - Dependencies all met for dep_context=requeueable deps ti=<TaskInstance: naver_dag.extract scheduled__2025-03-26T15:01:00+00:00 [queued]>
[2025-03-27T15:01:02.531+0000] {taskinstance.py:2867} INFO - Starting attempt 1 of 2
[2025-03-27T15:01:02.537+0000] {taskinstance.py:2890} INFO - Executing <Task(PythonOperator): extract> on 2025-03-26 15:01:00+00:00
[2025-03-27T15:01:02.540+0000] {warnings.py:112} WARNING - /home/***/.local/lib/python3.12/site-packages/***/task/task_runner/standard_task_runner.py:70: DeprecationWarning: This process (pid=6010) is multi-threaded, use of fork() may lead to deadlocks in the child.
  pid = os.fork()

[2025-03-27T15:01:02.541+0000] {standard_task_runner.py:72} INFO - Started process 6011 to run task
[2025-03-27T15:01:02.541+0000] {standard_task_runner.py:104} INFO - Running: ['***', 'tasks', 'run', 'naver_dag', 'extract', 'scheduled__2025-03-26T15:01:00+00:00', '--job-id', '390', '--raw', '--subdir', 'DAGS_FOLDER/naver_dag.py', '--cfg-path', '/tmp/tmpnoaslgmr']
[2025-03-27T15:01:02.542+0000] {standard_task_runner.py:105} INFO - Job 390: Subtask extract
[2025-03-27T15:01:02.562+0000] {task_command.py:467} INFO - Running <TaskInstance: naver_dag.extract scheduled__2025-03-26T15:01:00+00:00 [running]> on host d3728b3b1b70
[2025-03-27T15:01:02.590+0000] {taskinstance.py:3134} INFO - Exporting env vars: AIRFLOW_CTX_DAG_OWNER='***' AIRFLOW_CTX_DAG_ID='naver_dag' AIRFLOW_CTX_TASK_ID='extract' AIRFLOW_CTX_EXECUTION_DATE='2025-03-26T15:01:00+00:00' AIRFLOW_CTX_TRY_NUMBER='1' AIRFLOW_CTX_DAG_RUN_ID='scheduled__2025-03-26T15:01:00+00:00'
[2025-03-27T15:01:02.590+0000] {logging_mixin.py:190} INFO - Task instance is in running state
[2025-03-27T15:01:02.591+0000] {logging_mixin.py:190} INFO -  Previous state of the Task instance: queued
[2025-03-27T15:01:02.591+0000] {logging_mixin.py:190} INFO - Current task name:extract state:running start_date:2025-03-27 15:01:02.529306+00:00
[2025-03-27T15:01:02.591+0000] {logging_mixin.py:190} INFO - Dag name:naver_dag and current dag run status:running
[2025-03-27T15:01:02.591+0000] {taskinstance.py:732} INFO - ::endgroup::
[2025-03-27T15:01:08.104+0000] {python.py:240} INFO - Done. Returned value was: [('2025-03-27', '김경수', 292661, 133082, 292661, 133082), ('2025-03-27', '김동연', 261, 122, 323685, 105189), ('2025-03-27', '김두관', 135896, 46446, 135896, 46446), ('2025-03-27', '김문수', 216, 83, 232750, 115885), ('2025-03-27', '김부겸', 63, 9, 288613, 74775), ('2025-03-27', '나경원', 407596, 170190, 407596, 170190), ('2025-03-27', '박용진', 132741, 49202, 132741, 49202), ('2025-03-27', '신장식', 16751, 12213, 16751, 12213), ('2025-03-27', '안철수', 229, 38, 1124489, 489099), ('2025-03-27', '오세훈', 481, 142, 511709, 322486), ('2025-03-27', '우원식', 233981, 56026, 233981, 56026), ('2025-03-27', '원희룡', 369458, 147635, 369458, 147635), ('2025-03-27', '유승민', 373, 46, 490691, 162019), ('2025-03-27', '이낙연', 634043, 202728, 634043, 202728), ('2025-03-27', '이재명', 2159, 2601, 1761262, 1009233), ('2025-03-27', '이준석', 120, 51, 455952, 230389), ('2025-03-27', '조국', 1090375, 1248054, 1090375, 1248054), ('2025-03-27', '추미애', 441301, 170696, 441301, 170696), ('2025-03-27', '한동훈', 193, 149, 504175, 297579), ('2025-03-27', '홍준표', 281, 79, 674064, 296363)]
[2025-03-27T15:01:08.116+0000] {taskinstance.py:341} INFO - ::group::Post task execution logs
[2025-03-27T15:01:08.116+0000] {taskinstance.py:353} INFO - Marking task as SUCCESS. dag_id=naver_dag, task_id=extract, run_id=scheduled__2025-03-26T15:01:00+00:00, execution_date=20250326T150100, start_date=20250327T150102, end_date=20250327T150108
[2025-03-27T15:01:08.125+0000] {logging_mixin.py:190} INFO - Task instance in success state
[2025-03-27T15:01:08.126+0000] {logging_mixin.py:190} INFO -  Previous state of the Task instance: running
[2025-03-27T15:01:08.126+0000] {logging_mixin.py:190} INFO - Dag name:naver_dag queued_at:2025-03-27 15:01:00.958444+00:00
[2025-03-27T15:01:08.126+0000] {logging_mixin.py:190} INFO - Task hostname:d3728b3b1b70 operator:PythonOperator
[2025-03-27T15:01:08.134+0000] {local_task_job_runner.py:266} INFO - Task exited with return code 0
[2025-03-27T15:01:08.145+0000] {taskinstance.py:3901} INFO - 1 downstream tasks scheduled from follow-on schedule check
[2025-03-27T15:01:08.145+0000] {local_task_job_runner.py:245} INFO - ::endgroup::
