[2025-03-16T05:30:46.575+0000] {local_task_job_runner.py:123} INFO - ::group::Pre task execution logs
[2025-03-16T05:30:46.583+0000] {taskinstance.py:2614} INFO - Dependencies all met for dep_context=non-requeueable deps ti=<TaskInstance: trend_dag.load manual__2025-03-16T05:27:21.067889+00:00 [queued]>
[2025-03-16T05:30:46.587+0000] {taskinstance.py:2614} INFO - Dependencies all met for dep_context=requeueable deps ti=<TaskInstance: trend_dag.load manual__2025-03-16T05:27:21.067889+00:00 [queued]>
[2025-03-16T05:30:46.587+0000] {taskinstance.py:2867} INFO - Starting attempt 1 of 2
[2025-03-16T05:30:46.591+0000] {taskinstance.py:2890} INFO - Executing <Task(PythonOperator): load> on 2025-03-16 05:27:21.067889+00:00
[2025-03-16T05:30:46.595+0000] {warnings.py:112} WARNING - /home/***/.local/lib/python3.12/site-packages/***/task/task_runner/standard_task_runner.py:70: DeprecationWarning: This process (pid=112) is multi-threaded, use of fork() may lead to deadlocks in the child.
  pid = os.fork()

[2025-03-16T05:30:46.596+0000] {standard_task_runner.py:72} INFO - Started process 113 to run task
[2025-03-16T05:30:46.596+0000] {standard_task_runner.py:104} INFO - Running: ['***', 'tasks', 'run', 'trend_dag', 'load', 'manual__2025-03-16T05:27:21.067889+00:00', '--job-id', '259', '--raw', '--subdir', 'DAGS_FOLDER/trend_dag.py', '--cfg-path', '/tmp/tmpnttn91cv']
[2025-03-16T05:30:46.597+0000] {standard_task_runner.py:105} INFO - Job 259: Subtask load
[2025-03-16T05:30:46.621+0000] {task_command.py:467} INFO - Running <TaskInstance: trend_dag.load manual__2025-03-16T05:27:21.067889+00:00 [running]> on host 276bdf340b6f
[2025-03-16T05:30:46.652+0000] {taskinstance.py:3134} INFO - Exporting env vars: AIRFLOW_CTX_DAG_OWNER='***' AIRFLOW_CTX_DAG_ID='trend_dag' AIRFLOW_CTX_TASK_ID='load' AIRFLOW_CTX_EXECUTION_DATE='2025-03-16T05:27:21.067889+00:00' AIRFLOW_CTX_TRY_NUMBER='1' AIRFLOW_CTX_DAG_RUN_ID='manual__2025-03-16T05:27:21.067889+00:00'
[2025-03-16T05:30:46.653+0000] {logging_mixin.py:190} INFO - Task instance is in running state
[2025-03-16T05:30:46.653+0000] {logging_mixin.py:190} INFO -  Previous state of the Task instance: queued
[2025-03-16T05:30:46.653+0000] {logging_mixin.py:190} INFO - Current task name:load state:running start_date:2025-03-16 05:30:46.584221+00:00
[2025-03-16T05:30:46.653+0000] {logging_mixin.py:190} INFO - Dag name:trend_dag and current dag run status:running
[2025-03-16T05:30:46.653+0000] {taskinstance.py:732} INFO - ::endgroup::
[2025-03-16T05:30:46.668+0000] {python.py:240} INFO - Done. Returned value was: None
[2025-03-16T05:30:46.672+0000] {taskinstance.py:341} INFO - ::group::Post task execution logs
[2025-03-16T05:30:46.672+0000] {taskinstance.py:353} INFO - Marking task as SUCCESS. dag_id=trend_dag, task_id=load, run_id=manual__2025-03-16T05:27:21.067889+00:00, execution_date=20250316T052721, start_date=20250316T053046, end_date=20250316T053046
[2025-03-16T05:30:46.680+0000] {logging_mixin.py:190} INFO - Task instance in success state
[2025-03-16T05:30:46.680+0000] {logging_mixin.py:190} INFO -  Previous state of the Task instance: running
[2025-03-16T05:30:46.680+0000] {logging_mixin.py:190} INFO - Dag name:trend_dag queued_at:2025-03-16 05:27:21.081065+00:00
[2025-03-16T05:30:46.680+0000] {logging_mixin.py:190} INFO - Task hostname:276bdf340b6f operator:PythonOperator
[2025-03-16T05:30:46.694+0000] {local_task_job_runner.py:266} INFO - Task exited with return code 0
[2025-03-16T05:30:46.700+0000] {taskinstance.py:3901} INFO - 0 downstream tasks scheduled from follow-on schedule check
[2025-03-16T05:30:46.701+0000] {local_task_job_runner.py:245} INFO - ::endgroup::
