[2025-03-15T20:47:55.502+0000] {local_task_job_runner.py:123} INFO - ::group::Pre task execution logs
[2025-03-15T20:47:55.553+0000] {taskinstance.py:2614} INFO - Dependencies all met for dep_context=non-requeueable deps ti=<TaskInstance: instant_stock_dag.load manual__2025-03-15T20:42:22.038492+00:00 [queued]>
[2025-03-15T20:47:55.571+0000] {taskinstance.py:2614} INFO - Dependencies all met for dep_context=requeueable deps ti=<TaskInstance: instant_stock_dag.load manual__2025-03-15T20:42:22.038492+00:00 [queued]>
[2025-03-15T20:47:55.572+0000] {taskinstance.py:2867} INFO - Starting attempt 1 of 2
[2025-03-15T20:47:55.601+0000] {taskinstance.py:2890} INFO - Executing <Task(PythonOperator): load> on 2025-03-15 20:42:22.038492+00:00
[2025-03-15T20:47:55.612+0000] {warnings.py:112} WARNING - /home/***/.local/lib/python3.12/site-packages/***/task/task_runner/standard_task_runner.py:70: DeprecationWarning: This process (pid=198) is multi-threaded, use of fork() may lead to deadlocks in the child.
  pid = os.fork()

[2025-03-15T20:47:55.613+0000] {standard_task_runner.py:104} INFO - Running: ['***', 'tasks', 'run', 'instant_stock_dag', 'load', 'manual__2025-03-15T20:42:22.038492+00:00', '--job-id', '159', '--raw', '--subdir', 'DAGS_FOLDER/blog_dag.py', '--cfg-path', '/tmp/tmpgbp3sktv']
[2025-03-15T20:47:55.614+0000] {standard_task_runner.py:72} INFO - Started process 199 to run task
[2025-03-15T20:47:55.616+0000] {standard_task_runner.py:105} INFO - Job 159: Subtask load
[2025-03-15T20:47:55.764+0000] {task_command.py:467} INFO - Running <TaskInstance: instant_stock_dag.load manual__2025-03-15T20:42:22.038492+00:00 [running]> on host b2504bd3bf4c
[2025-03-15T20:47:56.007+0000] {taskinstance.py:3134} INFO - Exporting env vars: AIRFLOW_CTX_DAG_OWNER='***' AIRFLOW_CTX_DAG_ID='instant_stock_dag' AIRFLOW_CTX_TASK_ID='load' AIRFLOW_CTX_EXECUTION_DATE='2025-03-15T20:42:22.038492+00:00' AIRFLOW_CTX_TRY_NUMBER='1' AIRFLOW_CTX_DAG_RUN_ID='manual__2025-03-15T20:42:22.038492+00:00'
[2025-03-15T20:47:56.010+0000] {logging_mixin.py:190} INFO - Task instance is in running state
[2025-03-15T20:47:56.011+0000] {logging_mixin.py:190} INFO -  Previous state of the Task instance: queued
[2025-03-15T20:47:56.013+0000] {logging_mixin.py:190} INFO - Current task name:load state:running start_date:2025-03-15 20:47:55.553661+00:00
[2025-03-15T20:47:56.014+0000] {logging_mixin.py:190} INFO - Dag name:instant_stock_dag and current dag run status:running
[2025-03-15T20:47:56.015+0000] {taskinstance.py:732} INFO - ::endgroup::
[2025-03-15T20:47:56.032+0000] {logging_mixin.py:190} INFO - ❌ No data received from XCom!
[2025-03-15T20:47:56.033+0000] {python.py:240} INFO - Done. Returned value was: None
[2025-03-15T20:47:56.049+0000] {taskinstance.py:341} INFO - ::group::Post task execution logs
[2025-03-15T20:47:56.051+0000] {taskinstance.py:353} INFO - Marking task as SUCCESS. dag_id=instant_stock_dag, task_id=load, run_id=manual__2025-03-15T20:42:22.038492+00:00, execution_date=20250315T204222, start_date=20250315T204755, end_date=20250315T204756
[2025-03-15T20:47:56.081+0000] {logging_mixin.py:190} INFO - Task instance in success state
[2025-03-15T20:47:56.083+0000] {logging_mixin.py:190} INFO -  Previous state of the Task instance: running
[2025-03-15T20:47:56.086+0000] {logging_mixin.py:190} INFO - Dag name:instant_stock_dag queued_at:2025-03-15 20:42:22.047894+00:00
[2025-03-15T20:47:56.087+0000] {logging_mixin.py:190} INFO - Task hostname:b2504bd3bf4c operator:PythonOperator
[2025-03-15T20:47:56.144+0000] {local_task_job_runner.py:266} INFO - Task exited with return code 0
[2025-03-15T20:47:56.193+0000] {taskinstance.py:3901} INFO - 0 downstream tasks scheduled from follow-on schedule check
[2025-03-15T20:47:56.197+0000] {local_task_job_runner.py:245} INFO - ::endgroup::
