[2025-03-14T11:23:29.719+0000] {local_task_job_runner.py:123} INFO - ::group::Pre task execution logs
[2025-03-14T11:23:29.730+0000] {taskinstance.py:2614} INFO - Dependencies all met for dep_context=non-requeueable deps ti=<TaskInstance: instant_stock_dag.load manual__2025-03-14T11:22:02.045759+00:00 [queued]>
[2025-03-14T11:23:29.735+0000] {taskinstance.py:2614} INFO - Dependencies all met for dep_context=requeueable deps ti=<TaskInstance: instant_stock_dag.load manual__2025-03-14T11:22:02.045759+00:00 [queued]>
[2025-03-14T11:23:29.735+0000] {taskinstance.py:2867} INFO - Starting attempt 1 of 2
[2025-03-14T11:23:29.744+0000] {taskinstance.py:2890} INFO - Executing <Task(PythonOperator): load> on 2025-03-14 11:22:02.045759+00:00
[2025-03-14T11:23:29.748+0000] {warnings.py:112} WARNING - /home/***/.local/lib/python3.12/site-packages/***/task/task_runner/standard_task_runner.py:70: DeprecationWarning: This process (pid=668) is multi-threaded, use of fork() may lead to deadlocks in the child.
  pid = os.fork()

[2025-03-14T11:23:29.749+0000] {standard_task_runner.py:72} INFO - Started process 672 to run task
[2025-03-14T11:23:29.750+0000] {standard_task_runner.py:104} INFO - Running: ['***', 'tasks', 'run', 'instant_stock_dag', 'load', 'manual__2025-03-14T11:22:02.045759+00:00', '--job-id', '120', '--raw', '--subdir', 'DAGS_FOLDER/blog_dag.py', '--cfg-path', '/tmp/tmpw9flt43a']
[2025-03-14T11:23:29.750+0000] {standard_task_runner.py:105} INFO - Job 120: Subtask load
[2025-03-14T11:23:29.782+0000] {task_command.py:467} INFO - Running <TaskInstance: instant_stock_dag.load manual__2025-03-14T11:22:02.045759+00:00 [running]> on host 77095492a35a
[2025-03-14T11:23:29.824+0000] {taskinstance.py:3134} INFO - Exporting env vars: AIRFLOW_CTX_DAG_OWNER='***' AIRFLOW_CTX_DAG_ID='instant_stock_dag' AIRFLOW_CTX_TASK_ID='load' AIRFLOW_CTX_EXECUTION_DATE='2025-03-14T11:22:02.045759+00:00' AIRFLOW_CTX_TRY_NUMBER='1' AIRFLOW_CTX_DAG_RUN_ID='manual__2025-03-14T11:22:02.045759+00:00'
[2025-03-14T11:23:29.826+0000] {logging_mixin.py:190} INFO - Task instance is in running state
[2025-03-14T11:23:29.826+0000] {logging_mixin.py:190} INFO -  Previous state of the Task instance: queued
[2025-03-14T11:23:29.826+0000] {logging_mixin.py:190} INFO - Current task name:load state:running start_date:2025-03-14 11:23:29.731191+00:00
[2025-03-14T11:23:29.827+0000] {logging_mixin.py:190} INFO - Dag name:instant_stock_dag and current dag run status:running
[2025-03-14T11:23:29.827+0000] {taskinstance.py:732} INFO - ::endgroup::
[2025-03-14T11:23:29.834+0000] {python.py:240} INFO - Done. Returned value was: None
[2025-03-14T11:23:29.841+0000] {taskinstance.py:341} INFO - ::group::Post task execution logs
[2025-03-14T11:23:29.841+0000] {taskinstance.py:353} INFO - Marking task as SUCCESS. dag_id=instant_stock_dag, task_id=load, run_id=manual__2025-03-14T11:22:02.045759+00:00, execution_date=20250314T112202, start_date=20250314T112329, end_date=20250314T112329
[2025-03-14T11:23:29.856+0000] {logging_mixin.py:190} INFO - Task instance in success state
[2025-03-14T11:23:29.856+0000] {logging_mixin.py:190} INFO -  Previous state of the Task instance: running
[2025-03-14T11:23:29.856+0000] {logging_mixin.py:190} INFO - Dag name:instant_stock_dag queued_at:2025-03-14 11:22:02.061262+00:00
[2025-03-14T11:23:29.857+0000] {logging_mixin.py:190} INFO - Task hostname:77095492a35a operator:PythonOperator
[2025-03-14T11:23:29.890+0000] {local_task_job_runner.py:266} INFO - Task exited with return code 0
[2025-03-14T11:23:29.899+0000] {taskinstance.py:3901} INFO - 0 downstream tasks scheduled from follow-on schedule check
[2025-03-14T11:23:29.901+0000] {local_task_job_runner.py:245} INFO - ::endgroup::
