[2025-03-15T20:03:35.483+0000] {local_task_job_runner.py:123} INFO - ::group::Pre task execution logs
[2025-03-15T20:03:35.556+0000] {taskinstance.py:2614} INFO - Dependencies all met for dep_context=non-requeueable deps ti=<TaskInstance: instant_stock_dag.load manual__2025-03-15T20:02:04.053007+00:00 [queued]>
[2025-03-15T20:03:35.601+0000] {taskinstance.py:2614} INFO - Dependencies all met for dep_context=requeueable deps ti=<TaskInstance: instant_stock_dag.load manual__2025-03-15T20:02:04.053007+00:00 [queued]>
[2025-03-15T20:03:35.605+0000] {taskinstance.py:2867} INFO - Starting attempt 1 of 2
[2025-03-15T20:03:35.656+0000] {taskinstance.py:2890} INFO - Executing <Task(PythonOperator): load> on 2025-03-15 20:02:04.053007+00:00
[2025-03-15T20:03:35.670+0000] {warnings.py:112} WARNING - /home/***/.local/lib/python3.12/site-packages/***/task/task_runner/standard_task_runner.py:70: DeprecationWarning: This process (pid=662) is multi-threaded, use of fork() may lead to deadlocks in the child.
  pid = os.fork()

[2025-03-15T20:03:35.672+0000] {standard_task_runner.py:104} INFO - Running: ['***', 'tasks', 'run', 'instant_stock_dag', 'load', 'manual__2025-03-15T20:02:04.053007+00:00', '--job-id', '152', '--raw', '--subdir', 'DAGS_FOLDER/blog_dag.py', '--cfg-path', '/tmp/tmptkmhx7m_']
[2025-03-15T20:03:35.674+0000] {standard_task_runner.py:105} INFO - Job 152: Subtask load
[2025-03-15T20:03:35.673+0000] {standard_task_runner.py:72} INFO - Started process 664 to run task
[2025-03-15T20:03:35.818+0000] {task_command.py:467} INFO - Running <TaskInstance: instant_stock_dag.load manual__2025-03-15T20:02:04.053007+00:00 [running]> on host 3e318d6013a3
[2025-03-15T20:03:35.977+0000] {taskinstance.py:3134} INFO - Exporting env vars: AIRFLOW_CTX_DAG_OWNER='***' AIRFLOW_CTX_DAG_ID='instant_stock_dag' AIRFLOW_CTX_TASK_ID='load' AIRFLOW_CTX_EXECUTION_DATE='2025-03-15T20:02:04.053007+00:00' AIRFLOW_CTX_TRY_NUMBER='1' AIRFLOW_CTX_DAG_RUN_ID='manual__2025-03-15T20:02:04.053007+00:00'
[2025-03-15T20:03:35.982+0000] {logging_mixin.py:190} INFO - Task instance is in running state
[2025-03-15T20:03:35.984+0000] {logging_mixin.py:190} INFO -  Previous state of the Task instance: queued
[2025-03-15T20:03:35.986+0000] {logging_mixin.py:190} INFO - Current task name:load state:running start_date:2025-03-15 20:03:35.559697+00:00
[2025-03-15T20:03:35.988+0000] {logging_mixin.py:190} INFO - Dag name:instant_stock_dag and current dag run status:running
[2025-03-15T20:03:35.988+0000] {taskinstance.py:732} INFO - ::endgroup::
[2025-03-15T20:03:36.010+0000] {python.py:240} INFO - Done. Returned value was: None
[2025-03-15T20:03:36.037+0000] {taskinstance.py:341} INFO - ::group::Post task execution logs
[2025-03-15T20:03:36.039+0000] {taskinstance.py:353} INFO - Marking task as SUCCESS. dag_id=instant_stock_dag, task_id=load, run_id=manual__2025-03-15T20:02:04.053007+00:00, execution_date=20250315T200204, start_date=20250315T200335, end_date=20250315T200336
[2025-03-15T20:03:36.079+0000] {logging_mixin.py:190} INFO - Task instance in success state
[2025-03-15T20:03:36.080+0000] {logging_mixin.py:190} INFO -  Previous state of the Task instance: running
[2025-03-15T20:03:36.083+0000] {logging_mixin.py:190} INFO - Dag name:instant_stock_dag queued_at:2025-03-15 20:02:04.076650+00:00
[2025-03-15T20:03:36.084+0000] {logging_mixin.py:190} INFO - Task hostname:3e318d6013a3 operator:PythonOperator
[2025-03-15T20:03:36.113+0000] {local_task_job_runner.py:266} INFO - Task exited with return code 0
[2025-03-15T20:03:36.140+0000] {taskinstance.py:3901} INFO - 0 downstream tasks scheduled from follow-on schedule check
[2025-03-15T20:03:36.142+0000] {local_task_job_runner.py:245} INFO - ::endgroup::
