[2025-03-14T11:23:29.703+0000] {local_task_job_runner.py:123} INFO - ::group::Pre task execution logs
[2025-03-14T11:23:29.716+0000] {taskinstance.py:2614} INFO - Dependencies all met for dep_context=non-requeueable deps ti=<TaskInstance: instant_stock_dag.load scheduled__2025-03-13T10:00:00+00:00 [queued]>
[2025-03-14T11:23:29.721+0000] {taskinstance.py:2614} INFO - Dependencies all met for dep_context=requeueable deps ti=<TaskInstance: instant_stock_dag.load scheduled__2025-03-13T10:00:00+00:00 [queued]>
[2025-03-14T11:23:29.722+0000] {taskinstance.py:2867} INFO - Starting attempt 1 of 2
[2025-03-14T11:23:29.732+0000] {taskinstance.py:2890} INFO - Executing <Task(PythonOperator): load> on 2025-03-13 10:00:00+00:00
[2025-03-14T11:23:29.736+0000] {warnings.py:112} WARNING - /home/***/.local/lib/python3.12/site-packages/***/task/task_runner/standard_task_runner.py:70: DeprecationWarning: This process (pid=669) is multi-threaded, use of fork() may lead to deadlocks in the child.
  pid = os.fork()

[2025-03-14T11:23:29.737+0000] {standard_task_runner.py:72} INFO - Started process 670 to run task
[2025-03-14T11:23:29.739+0000] {standard_task_runner.py:104} INFO - Running: ['***', 'tasks', 'run', 'instant_stock_dag', 'load', 'scheduled__2025-03-13T10:00:00+00:00', '--job-id', '119', '--raw', '--subdir', 'DAGS_FOLDER/blog_dag.py', '--cfg-path', '/tmp/tmpc4si1563']
[2025-03-14T11:23:29.739+0000] {standard_task_runner.py:105} INFO - Job 119: Subtask load
[2025-03-14T11:23:29.770+0000] {task_command.py:467} INFO - Running <TaskInstance: instant_stock_dag.load scheduled__2025-03-13T10:00:00+00:00 [running]> on host 77095492a35a
[2025-03-14T11:23:29.813+0000] {taskinstance.py:3134} INFO - Exporting env vars: AIRFLOW_CTX_DAG_OWNER='***' AIRFLOW_CTX_DAG_ID='instant_stock_dag' AIRFLOW_CTX_TASK_ID='load' AIRFLOW_CTX_EXECUTION_DATE='2025-03-13T10:00:00+00:00' AIRFLOW_CTX_TRY_NUMBER='1' AIRFLOW_CTX_DAG_RUN_ID='scheduled__2025-03-13T10:00:00+00:00'
[2025-03-14T11:23:29.814+0000] {logging_mixin.py:190} INFO - Task instance is in running state
[2025-03-14T11:23:29.814+0000] {logging_mixin.py:190} INFO -  Previous state of the Task instance: queued
[2025-03-14T11:23:29.815+0000] {logging_mixin.py:190} INFO - Current task name:load state:running start_date:2025-03-14 11:23:29.717252+00:00
[2025-03-14T11:23:29.815+0000] {logging_mixin.py:190} INFO - Dag name:instant_stock_dag and current dag run status:running
[2025-03-14T11:23:29.815+0000] {taskinstance.py:732} INFO - ::endgroup::
[2025-03-14T11:23:29.823+0000] {python.py:240} INFO - Done. Returned value was: None
[2025-03-14T11:23:29.830+0000] {taskinstance.py:341} INFO - ::group::Post task execution logs
[2025-03-14T11:23:29.831+0000] {taskinstance.py:353} INFO - Marking task as SUCCESS. dag_id=instant_stock_dag, task_id=load, run_id=scheduled__2025-03-13T10:00:00+00:00, execution_date=20250313T100000, start_date=20250314T112329, end_date=20250314T112329
[2025-03-14T11:23:29.844+0000] {logging_mixin.py:190} INFO - Task instance in success state
[2025-03-14T11:23:29.844+0000] {logging_mixin.py:190} INFO -  Previous state of the Task instance: running
[2025-03-14T11:23:29.844+0000] {logging_mixin.py:190} INFO - Dag name:instant_stock_dag queued_at:2025-03-14 11:22:02.596346+00:00
[2025-03-14T11:23:29.845+0000] {logging_mixin.py:190} INFO - Task hostname:77095492a35a operator:PythonOperator
[2025-03-14T11:23:29.877+0000] {local_task_job_runner.py:266} INFO - Task exited with return code 0
[2025-03-14T11:23:29.886+0000] {taskinstance.py:3901} INFO - 0 downstream tasks scheduled from follow-on schedule check
[2025-03-14T11:23:29.887+0000] {local_task_job_runner.py:245} INFO - ::endgroup::
