[2025-03-27T15:29:53.862+0000] {local_task_job_runner.py:123} INFO - ::group::Pre task execution logs
[2025-03-27T15:29:53.867+0000] {taskinstance.py:2614} INFO - Dependencies all met for dep_context=non-requeueable deps ti=<TaskInstance: google_dag.extract scheduled__2025-03-26T15:05:00+00:00 [queued]>
[2025-03-27T15:29:53.869+0000] {taskinstance.py:2614} INFO - Dependencies all met for dep_context=requeueable deps ti=<TaskInstance: google_dag.extract scheduled__2025-03-26T15:05:00+00:00 [queued]>
[2025-03-27T15:29:53.870+0000] {taskinstance.py:2867} INFO - Starting attempt 2 of 2
[2025-03-27T15:29:53.873+0000] {taskinstance.py:2890} INFO - Executing <Task(PythonOperator): extract> on 2025-03-26 15:05:00+00:00
[2025-03-27T15:29:53.876+0000] {warnings.py:112} WARNING - /home/***/.local/lib/python3.12/site-packages/***/task/task_runner/standard_task_runner.py:70: DeprecationWarning: This process (pid=6654) is multi-threaded, use of fork() may lead to deadlocks in the child.
  pid = os.fork()

[2025-03-27T15:29:53.877+0000] {standard_task_runner.py:72} INFO - Started process 6662 to run task
[2025-03-27T15:29:53.877+0000] {standard_task_runner.py:104} INFO - Running: ['***', 'tasks', 'run', 'google_dag', 'extract', 'scheduled__2025-03-26T15:05:00+00:00', '--job-id', '395', '--raw', '--subdir', 'DAGS_FOLDER/google_dag.py', '--cfg-path', '/tmp/tmp0xn_0znf']
[2025-03-27T15:29:53.878+0000] {standard_task_runner.py:105} INFO - Job 395: Subtask extract
[2025-03-27T15:29:53.895+0000] {task_command.py:467} INFO - Running <TaskInstance: google_dag.extract scheduled__2025-03-26T15:05:00+00:00 [running]> on host d3728b3b1b70
[2025-03-27T15:29:53.922+0000] {taskinstance.py:3134} INFO - Exporting env vars: AIRFLOW_CTX_DAG_OWNER='***' AIRFLOW_CTX_DAG_ID='google_dag' AIRFLOW_CTX_TASK_ID='extract' AIRFLOW_CTX_EXECUTION_DATE='2025-03-26T15:05:00+00:00' AIRFLOW_CTX_TRY_NUMBER='2' AIRFLOW_CTX_DAG_RUN_ID='scheduled__2025-03-26T15:05:00+00:00'
[2025-03-27T15:29:53.922+0000] {logging_mixin.py:190} INFO - Task instance is in running state
[2025-03-27T15:29:53.923+0000] {logging_mixin.py:190} INFO -  Previous state of the Task instance: queued
[2025-03-27T15:29:53.923+0000] {logging_mixin.py:190} INFO - Current task name:extract state:running start_date:2025-03-27 15:29:53.867684+00:00
[2025-03-27T15:29:53.923+0000] {logging_mixin.py:190} INFO - Dag name:google_dag and current dag run status:running
[2025-03-27T15:29:53.923+0000] {taskinstance.py:732} INFO - ::endgroup::
[2025-03-27T16:11:13.413+0000] {job.py:229} INFO - Heartbeat recovered after 316.98 seconds
[2025-03-27T16:12:31.378+0000] {python.py:240} INFO - Done. Returned value was: [{'date': '2025-03-26', 'trend_score': 100, 'keyword': '김경수'}, {'date': '2025-03-26', 'trend_score': 100, 'keyword': '김동연'}, {'date': '2025-03-26', 'trend_score': 100, 'keyword': '김두관'}, {'date': '2025-03-26', 'trend_score': 100, 'keyword': '김문수'}, {'date': '2025-03-26', 'trend_score': 100, 'keyword': '김부겸'}, {'date': '2025-03-26', 'trend_score': 100, 'keyword': '나경원'}, {'date': '2025-03-26', 'trend_score': 100, 'keyword': '박용진'}, {'date': '2025-03-26', 'trend_score': 100, 'keyword': '신장식'}, {'date': '2025-03-26', 'trend_score': 100, 'keyword': '안철수'}, {'date': '2025-03-26', 'trend_score': 100, 'keyword': '오세훈'}, {'date': '2025-03-26', 'trend_score': 100, 'keyword': '우원식'}, {'date': '2025-03-26', 'trend_score': 100, 'keyword': '원희룡'}, {'date': '2025-03-26', 'trend_score': 100, 'keyword': '유승민'}, {'date': '2025-03-26', 'trend_score': 100, 'keyword': '이낙연'}, {'date': '2025-03-26', 'trend_score': 100, 'keyword': '이재명'}, {'date': '2025-03-26', 'trend_score': 100, 'keyword': '이준석'}, {'date': '2025-03-26', 'trend_score': 100, 'keyword': '조국'}, {'date': '2025-03-26', 'trend_score': 100, 'keyword': '추미애'}, {'date': '2025-03-26', 'trend_score': 100, 'keyword': '한동훈'}, {'date': '2025-03-26', 'trend_score': 100, 'keyword': '홍준표'}]
[2025-03-27T16:12:31.412+0000] {taskinstance.py:341} INFO - ::group::Post task execution logs
[2025-03-27T16:12:31.413+0000] {taskinstance.py:353} INFO - Marking task as SUCCESS. dag_id=google_dag, task_id=extract, run_id=scheduled__2025-03-26T15:05:00+00:00, execution_date=20250326T150500, start_date=20250327T152953, end_date=20250327T161231
[2025-03-27T16:12:31.427+0000] {logging_mixin.py:190} INFO - Task instance in success state
[2025-03-27T16:12:31.427+0000] {logging_mixin.py:190} INFO -  Previous state of the Task instance: running
[2025-03-27T16:12:31.427+0000] {logging_mixin.py:190} INFO - Dag name:google_dag queued_at:2025-03-27 15:05:00.802165+00:00
[2025-03-27T16:12:31.427+0000] {logging_mixin.py:190} INFO - Task hostname:d3728b3b1b70 operator:PythonOperator
[2025-03-27T16:12:31.464+0000] {local_task_job_runner.py:266} INFO - Task exited with return code 0
[2025-03-27T16:12:31.480+0000] {taskinstance.py:3901} INFO - 1 downstream tasks scheduled from follow-on schedule check
[2025-03-27T16:12:31.480+0000] {local_task_job_runner.py:245} INFO - ::endgroup::
