[2025-03-26T11:30:14.730+0000] {local_task_job_runner.py:123} INFO - ::group::Pre task execution logs
[2025-03-26T11:30:14.737+0000] {taskinstance.py:2614} INFO - Dependencies all met for dep_context=non-requeueable deps ti=<TaskInstance: stock_dag.load manual__2025-03-26T11:28:42.966426+00:00 [queued]>
[2025-03-26T11:30:14.740+0000] {taskinstance.py:2614} INFO - Dependencies all met for dep_context=requeueable deps ti=<TaskInstance: stock_dag.load manual__2025-03-26T11:28:42.966426+00:00 [queued]>
[2025-03-26T11:30:14.740+0000] {taskinstance.py:2867} INFO - Starting attempt 1 of 2
[2025-03-26T11:30:14.744+0000] {taskinstance.py:2890} INFO - Executing <Task(PythonOperator): load> on 2025-03-26 11:28:42.966426+00:00
[2025-03-26T11:30:14.746+0000] {warnings.py:112} WARNING - /home/***/.local/lib/python3.12/site-packages/***/task/task_runner/standard_task_runner.py:70: DeprecationWarning: This process (pid=670) is multi-threaded, use of fork() may lead to deadlocks in the child.
  pid = os.fork()

[2025-03-26T11:30:14.747+0000] {standard_task_runner.py:72} INFO - Started process 671 to run task
[2025-03-26T11:30:14.747+0000] {standard_task_runner.py:104} INFO - Running: ['***', 'tasks', 'run', 'stock_dag', 'load', 'manual__2025-03-26T11:28:42.966426+00:00', '--job-id', '365', '--raw', '--subdir', 'DAGS_FOLDER/stock_dag.py', '--cfg-path', '/tmp/tmpf9ur9fek']
[2025-03-26T11:30:14.748+0000] {standard_task_runner.py:105} INFO - Job 365: Subtask load
[2025-03-26T11:30:14.762+0000] {task_command.py:467} INFO - Running <TaskInstance: stock_dag.load manual__2025-03-26T11:28:42.966426+00:00 [running]> on host 61f9c530e15c
[2025-03-26T11:30:14.787+0000] {taskinstance.py:3134} INFO - Exporting env vars: AIRFLOW_CTX_DAG_OWNER='***' AIRFLOW_CTX_DAG_ID='stock_dag' AIRFLOW_CTX_TASK_ID='load' AIRFLOW_CTX_EXECUTION_DATE='2025-03-26T11:28:42.966426+00:00' AIRFLOW_CTX_TRY_NUMBER='1' AIRFLOW_CTX_DAG_RUN_ID='manual__2025-03-26T11:28:42.966426+00:00'
[2025-03-26T11:30:14.787+0000] {logging_mixin.py:190} INFO - Task instance is in running state
[2025-03-26T11:30:14.787+0000] {logging_mixin.py:190} INFO -  Previous state of the Task instance: queued
[2025-03-26T11:30:14.787+0000] {logging_mixin.py:190} INFO - Current task name:load state:running start_date:2025-03-26 11:30:14.737582+00:00
[2025-03-26T11:30:14.787+0000] {logging_mixin.py:190} INFO - Dag name:stock_dag and current dag run status:running
[2025-03-26T11:30:14.787+0000] {taskinstance.py:732} INFO - ::endgroup::
[2025-03-26T11:30:14.791+0000] {warnings.py:112} WARNING - /opt/***/plugins/scripts/load/stock_load.py:17: FutureWarning: Passing literal json to 'read_json' is deprecated and will be removed in a future version. To read from a literal string, wrap it in a 'StringIO' object.
  df = pd.read_json(df_json, orient="records")

[2025-03-26T11:30:14.827+0000] {python.py:240} INFO - Done. Returned value was: None
[2025-03-26T11:30:14.830+0000] {taskinstance.py:341} INFO - ::group::Post task execution logs
[2025-03-26T11:30:14.830+0000] {taskinstance.py:353} INFO - Marking task as SUCCESS. dag_id=stock_dag, task_id=load, run_id=manual__2025-03-26T11:28:42.966426+00:00, execution_date=20250326T112842, start_date=20250326T113014, end_date=20250326T113014
[2025-03-26T11:30:14.836+0000] {logging_mixin.py:190} INFO - Task instance in success state
[2025-03-26T11:30:14.837+0000] {logging_mixin.py:190} INFO -  Previous state of the Task instance: running
[2025-03-26T11:30:14.837+0000] {logging_mixin.py:190} INFO - Dag name:stock_dag queued_at:2025-03-26 11:28:42.973340+00:00
[2025-03-26T11:30:14.837+0000] {logging_mixin.py:190} INFO - Task hostname:61f9c530e15c operator:PythonOperator
[2025-03-26T11:30:14.847+0000] {local_task_job_runner.py:266} INFO - Task exited with return code 0
[2025-03-26T11:30:14.853+0000] {taskinstance.py:3901} INFO - 0 downstream tasks scheduled from follow-on schedule check
[2025-03-26T11:30:14.853+0000] {local_task_job_runner.py:245} INFO - ::endgroup::
