[2025-03-27T10:54:39.867+0000] {local_task_job_runner.py:123} INFO - ::group::Pre task execution logs
[2025-03-27T10:54:39.873+0000] {taskinstance.py:2614} INFO - Dependencies all met for dep_context=non-requeueable deps ti=<TaskInstance: naver_dag.extract manual__2025-03-27T10:54:38.376889+00:00 [queued]>
[2025-03-27T10:54:39.875+0000] {taskinstance.py:2614} INFO - Dependencies all met for dep_context=requeueable deps ti=<TaskInstance: naver_dag.extract manual__2025-03-27T10:54:38.376889+00:00 [queued]>
[2025-03-27T10:54:39.875+0000] {taskinstance.py:2867} INFO - Starting attempt 1 of 2
[2025-03-27T10:54:39.879+0000] {taskinstance.py:2890} INFO - Executing <Task(PythonOperator): extract> on 2025-03-27 10:54:38.376889+00:00
[2025-03-27T10:54:39.882+0000] {warnings.py:112} WARNING - /home/***/.local/lib/python3.12/site-packages/***/task/task_runner/standard_task_runner.py:70: DeprecationWarning: This process (pid=2993) is multi-threaded, use of fork() may lead to deadlocks in the child.
  pid = os.fork()

[2025-03-27T10:54:39.882+0000] {standard_task_runner.py:72} INFO - Started process 2994 to run task
[2025-03-27T10:54:39.883+0000] {standard_task_runner.py:104} INFO - Running: ['***', 'tasks', 'run', 'naver_dag', 'extract', 'manual__2025-03-27T10:54:38.376889+00:00', '--job-id', '388', '--raw', '--subdir', 'DAGS_FOLDER/naver_dag.py', '--cfg-path', '/tmp/tmpyh224ayf']
[2025-03-27T10:54:39.883+0000] {standard_task_runner.py:105} INFO - Job 388: Subtask extract
[2025-03-27T10:54:39.900+0000] {task_command.py:467} INFO - Running <TaskInstance: naver_dag.extract manual__2025-03-27T10:54:38.376889+00:00 [running]> on host d3728b3b1b70
[2025-03-27T10:54:39.924+0000] {taskinstance.py:3134} INFO - Exporting env vars: AIRFLOW_CTX_DAG_OWNER='***' AIRFLOW_CTX_DAG_ID='naver_dag' AIRFLOW_CTX_TASK_ID='extract' AIRFLOW_CTX_EXECUTION_DATE='2025-03-27T10:54:38.376889+00:00' AIRFLOW_CTX_TRY_NUMBER='1' AIRFLOW_CTX_DAG_RUN_ID='manual__2025-03-27T10:54:38.376889+00:00'
[2025-03-27T10:54:39.924+0000] {logging_mixin.py:190} INFO - Task instance is in running state
[2025-03-27T10:54:39.924+0000] {logging_mixin.py:190} INFO -  Previous state of the Task instance: queued
[2025-03-27T10:54:39.925+0000] {logging_mixin.py:190} INFO - Current task name:extract state:running start_date:2025-03-27 10:54:39.873484+00:00
[2025-03-27T10:54:39.925+0000] {logging_mixin.py:190} INFO - Dag name:naver_dag and current dag run status:running
[2025-03-27T10:54:39.925+0000] {taskinstance.py:732} INFO - ::endgroup::
[2025-03-27T10:54:45.482+0000] {python.py:240} INFO - Done. Returned value was: [('2025-03-27', '김경수', 292653, 133093, 292653, 133093), ('2025-03-27', '김동연', 250, 99, 323674, 105166), ('2025-03-27', '김두관', 135896, 46446, 135896, 46446), ('2025-03-27', '김문수', 206, 66, 232740, 115868), ('2025-03-27', '김부겸', 61, 10, 288611, 74776), ('2025-03-27', '나경원', 407592, 170207, 407592, 170207), ('2025-03-27', '박용진', 132741, 49197, 132741, 49197), ('2025-03-27', '신장식', 16751, 12214, 16751, 12214), ('2025-03-27', '안철수', 220, 30, 1124480, 489091), ('2025-03-27', '오세훈', 449, 101, 511677, 322445), ('2025-03-27', '우원식', 233957, 56007, 233957, 56007), ('2025-03-27', '원희룡', 369457, 147637, 369457, 147637), ('2025-03-27', '유승민', 355, 38, 490673, 162011), ('2025-03-27', '이낙연', 634043, 202734, 634043, 202734), ('2025-03-27', '이재명', 1981, 2176, 1761084, 1008808), ('2025-03-27', '이준석', 109, 64, 455941, 230402), ('2025-03-27', '조국', 1090356, 1248153, 1090356, 1248153), ('2025-03-27', '추미애', 441300, 170702, 441300, 170702), ('2025-03-27', '한동훈', 172, 134, 504154, 297564), ('2025-03-27', '홍준표', 262, 75, 674045, 296359)]
[2025-03-27T10:54:45.508+0000] {taskinstance.py:341} INFO - ::group::Post task execution logs
[2025-03-27T10:54:45.509+0000] {taskinstance.py:353} INFO - Marking task as SUCCESS. dag_id=naver_dag, task_id=extract, run_id=manual__2025-03-27T10:54:38.376889+00:00, execution_date=20250327T105438, start_date=20250327T105439, end_date=20250327T105445
[2025-03-27T10:54:45.522+0000] {logging_mixin.py:190} INFO - Task instance in success state
[2025-03-27T10:54:45.522+0000] {logging_mixin.py:190} INFO -  Previous state of the Task instance: running
[2025-03-27T10:54:45.523+0000] {logging_mixin.py:190} INFO - Dag name:naver_dag queued_at:2025-03-27 10:54:38.386064+00:00
[2025-03-27T10:54:45.523+0000] {logging_mixin.py:190} INFO - Task hostname:d3728b3b1b70 operator:PythonOperator
[2025-03-27T10:54:45.545+0000] {local_task_job_runner.py:266} INFO - Task exited with return code 0
[2025-03-27T10:54:45.558+0000] {taskinstance.py:3901} INFO - 1 downstream tasks scheduled from follow-on schedule check
[2025-03-27T10:54:45.558+0000] {local_task_job_runner.py:245} INFO - ::endgroup::
