[2025-03-27T10:54:46.595+0000] {local_task_job_runner.py:123} INFO - ::group::Pre task execution logs
[2025-03-27T10:54:46.605+0000] {taskinstance.py:2614} INFO - Dependencies all met for dep_context=non-requeueable deps ti=<TaskInstance: naver_dag.load manual__2025-03-27T10:54:38.376889+00:00 [queued]>
[2025-03-27T10:54:46.608+0000] {taskinstance.py:2614} INFO - Dependencies all met for dep_context=requeueable deps ti=<TaskInstance: naver_dag.load manual__2025-03-27T10:54:38.376889+00:00 [queued]>
[2025-03-27T10:54:46.608+0000] {taskinstance.py:2867} INFO - Starting attempt 1 of 2
[2025-03-27T10:54:46.613+0000] {taskinstance.py:2890} INFO - Executing <Task(PythonOperator): load> on 2025-03-27 10:54:38.376889+00:00
[2025-03-27T10:54:46.616+0000] {warnings.py:112} WARNING - /home/***/.local/lib/python3.12/site-packages/***/task/task_runner/standard_task_runner.py:70: DeprecationWarning: This process (pid=2996) is multi-threaded, use of fork() may lead to deadlocks in the child.
  pid = os.fork()

[2025-03-27T10:54:46.618+0000] {standard_task_runner.py:104} INFO - Running: ['***', 'tasks', 'run', 'naver_dag', 'load', 'manual__2025-03-27T10:54:38.376889+00:00', '--job-id', '389', '--raw', '--subdir', 'DAGS_FOLDER/naver_dag.py', '--cfg-path', '/tmp/tmp63defuoj']
[2025-03-27T10:54:46.618+0000] {standard_task_runner.py:105} INFO - Job 389: Subtask load
[2025-03-27T10:54:46.618+0000] {standard_task_runner.py:72} INFO - Started process 2997 to run task
[2025-03-27T10:54:46.639+0000] {task_command.py:467} INFO - Running <TaskInstance: naver_dag.load manual__2025-03-27T10:54:38.376889+00:00 [running]> on host d3728b3b1b70
[2025-03-27T10:54:46.671+0000] {taskinstance.py:3134} INFO - Exporting env vars: AIRFLOW_CTX_DAG_OWNER='***' AIRFLOW_CTX_DAG_ID='naver_dag' AIRFLOW_CTX_TASK_ID='load' AIRFLOW_CTX_EXECUTION_DATE='2025-03-27T10:54:38.376889+00:00' AIRFLOW_CTX_TRY_NUMBER='1' AIRFLOW_CTX_DAG_RUN_ID='manual__2025-03-27T10:54:38.376889+00:00'
[2025-03-27T10:54:46.672+0000] {logging_mixin.py:190} INFO - Task instance is in running state
[2025-03-27T10:54:46.672+0000] {logging_mixin.py:190} INFO -  Previous state of the Task instance: queued
[2025-03-27T10:54:46.672+0000] {logging_mixin.py:190} INFO - Current task name:load state:running start_date:2025-03-27 10:54:46.605356+00:00
[2025-03-27T10:54:46.673+0000] {logging_mixin.py:190} INFO - Dag name:naver_dag and current dag run status:running
[2025-03-27T10:54:46.673+0000] {taskinstance.py:732} INFO - ::endgroup::
[2025-03-27T10:54:46.683+0000] {python.py:240} INFO - Done. Returned value was: None
[2025-03-27T10:54:46.687+0000] {taskinstance.py:341} INFO - ::group::Post task execution logs
[2025-03-27T10:54:46.688+0000] {taskinstance.py:353} INFO - Marking task as SUCCESS. dag_id=naver_dag, task_id=load, run_id=manual__2025-03-27T10:54:38.376889+00:00, execution_date=20250327T105438, start_date=20250327T105446, end_date=20250327T105446
[2025-03-27T10:54:46.699+0000] {logging_mixin.py:190} INFO - Task instance in success state
[2025-03-27T10:54:46.700+0000] {logging_mixin.py:190} INFO -  Previous state of the Task instance: running
[2025-03-27T10:54:46.700+0000] {logging_mixin.py:190} INFO - Dag name:naver_dag queued_at:2025-03-27 10:54:38.386064+00:00
[2025-03-27T10:54:46.700+0000] {logging_mixin.py:190} INFO - Task hostname:d3728b3b1b70 operator:PythonOperator
[2025-03-27T10:54:46.716+0000] {local_task_job_runner.py:266} INFO - Task exited with return code 0
[2025-03-27T10:54:46.725+0000] {taskinstance.py:3901} INFO - 0 downstream tasks scheduled from follow-on schedule check
[2025-03-27T10:54:46.728+0000] {local_task_job_runner.py:245} INFO - ::endgroup::
