[2025-03-16T00:00:00.742+0000] {processor.py:186} INFO - Started process (PID=1179) to work on /opt/airflow/dags/blog_dag.py
[2025-03-16T00:00:00.744+0000] {processor.py:914} INFO - Processing file /opt/airflow/dags/blog_dag.py for tasks to queue
[2025-03-16T00:00:00.753+0000] {logging_mixin.py:190} INFO - [2025-03-16T00:00:00.751+0000] {dagbag.py:588} INFO - Filling up the DagBag from /opt/airflow/dags/blog_dag.py
[2025-03-16T00:00:00.766+0000] {processor.py:927} WARNING - No viable dags retrieved from /opt/airflow/dags/blog_dag.py
[2025-03-16T00:00:00.831+0000] {processor.py:208} INFO - Processing /opt/airflow/dags/blog_dag.py took 0.092 seconds
[2025-03-16T00:00:31.427+0000] {processor.py:186} INFO - Started process (PID=1246) to work on /opt/airflow/dags/blog_dag.py
[2025-03-16T00:00:31.432+0000] {processor.py:914} INFO - Processing file /opt/airflow/dags/blog_dag.py for tasks to queue
[2025-03-16T00:00:31.434+0000] {logging_mixin.py:190} INFO - [2025-03-16T00:00:31.434+0000] {dagbag.py:588} INFO - Filling up the DagBag from /opt/airflow/dags/blog_dag.py
[2025-03-16T00:00:31.448+0000] {processor.py:927} WARNING - No viable dags retrieved from /opt/airflow/dags/blog_dag.py
[2025-03-16T00:00:31.474+0000] {processor.py:208} INFO - Processing /opt/airflow/dags/blog_dag.py took 0.051 seconds
[2025-03-16T00:01:02.197+0000] {processor.py:186} INFO - Started process (PID=1313) to work on /opt/airflow/dags/blog_dag.py
[2025-03-16T00:01:02.203+0000] {processor.py:914} INFO - Processing file /opt/airflow/dags/blog_dag.py for tasks to queue
[2025-03-16T00:01:02.207+0000] {logging_mixin.py:190} INFO - [2025-03-16T00:01:02.207+0000] {dagbag.py:588} INFO - Filling up the DagBag from /opt/airflow/dags/blog_dag.py
[2025-03-16T00:01:02.222+0000] {processor.py:927} WARNING - No viable dags retrieved from /opt/airflow/dags/blog_dag.py
[2025-03-16T00:01:02.273+0000] {processor.py:208} INFO - Processing /opt/airflow/dags/blog_dag.py took 0.080 seconds
[2025-03-16T00:01:32.416+0000] {processor.py:186} INFO - Started process (PID=1380) to work on /opt/airflow/dags/blog_dag.py
[2025-03-16T00:01:32.419+0000] {processor.py:914} INFO - Processing file /opt/airflow/dags/blog_dag.py for tasks to queue
[2025-03-16T00:01:32.421+0000] {logging_mixin.py:190} INFO - [2025-03-16T00:01:32.420+0000] {dagbag.py:588} INFO - Filling up the DagBag from /opt/airflow/dags/blog_dag.py
[2025-03-16T00:01:32.440+0000] {processor.py:927} WARNING - No viable dags retrieved from /opt/airflow/dags/blog_dag.py
[2025-03-16T00:01:32.500+0000] {processor.py:208} INFO - Processing /opt/airflow/dags/blog_dag.py took 0.090 seconds
[2025-03-16T00:02:03.246+0000] {processor.py:186} INFO - Started process (PID=1447) to work on /opt/airflow/dags/blog_dag.py
[2025-03-16T00:02:03.248+0000] {processor.py:914} INFO - Processing file /opt/airflow/dags/blog_dag.py for tasks to queue
[2025-03-16T00:02:03.253+0000] {logging_mixin.py:190} INFO - [2025-03-16T00:02:03.252+0000] {dagbag.py:588} INFO - Filling up the DagBag from /opt/airflow/dags/blog_dag.py
[2025-03-16T00:02:03.263+0000] {processor.py:927} WARNING - No viable dags retrieved from /opt/airflow/dags/blog_dag.py
[2025-03-16T00:02:03.299+0000] {processor.py:208} INFO - Processing /opt/airflow/dags/blog_dag.py took 0.057 seconds
[2025-03-16T00:02:34.044+0000] {processor.py:186} INFO - Started process (PID=1515) to work on /opt/airflow/dags/blog_dag.py
[2025-03-16T00:02:34.046+0000] {processor.py:914} INFO - Processing file /opt/airflow/dags/blog_dag.py for tasks to queue
[2025-03-16T00:02:34.054+0000] {logging_mixin.py:190} INFO - [2025-03-16T00:02:34.054+0000] {dagbag.py:588} INFO - Filling up the DagBag from /opt/airflow/dags/blog_dag.py
[2025-03-16T00:02:34.071+0000] {processor.py:927} WARNING - No viable dags retrieved from /opt/airflow/dags/blog_dag.py
[2025-03-16T00:02:34.107+0000] {processor.py:208} INFO - Processing /opt/airflow/dags/blog_dag.py took 0.066 seconds
[2025-03-16T00:03:05.066+0000] {processor.py:186} INFO - Started process (PID=1582) to work on /opt/airflow/dags/blog_dag.py
[2025-03-16T00:03:05.075+0000] {processor.py:914} INFO - Processing file /opt/airflow/dags/blog_dag.py for tasks to queue
[2025-03-16T00:03:05.080+0000] {logging_mixin.py:190} INFO - [2025-03-16T00:03:05.079+0000] {dagbag.py:588} INFO - Filling up the DagBag from /opt/airflow/dags/blog_dag.py
[2025-03-16T00:03:05.105+0000] {processor.py:927} WARNING - No viable dags retrieved from /opt/airflow/dags/blog_dag.py
[2025-03-16T00:03:05.157+0000] {processor.py:208} INFO - Processing /opt/airflow/dags/blog_dag.py took 0.096 seconds
[2025-03-16T00:03:35.926+0000] {processor.py:186} INFO - Started process (PID=1649) to work on /opt/airflow/dags/blog_dag.py
[2025-03-16T00:03:35.928+0000] {processor.py:914} INFO - Processing file /opt/airflow/dags/blog_dag.py for tasks to queue
[2025-03-16T00:03:35.933+0000] {logging_mixin.py:190} INFO - [2025-03-16T00:03:35.933+0000] {dagbag.py:588} INFO - Filling up the DagBag from /opt/airflow/dags/blog_dag.py
[2025-03-16T00:03:35.945+0000] {processor.py:927} WARNING - No viable dags retrieved from /opt/airflow/dags/blog_dag.py
[2025-03-16T00:03:35.980+0000] {processor.py:208} INFO - Processing /opt/airflow/dags/blog_dag.py took 0.057 seconds
[2025-03-16T00:04:06.236+0000] {processor.py:186} INFO - Started process (PID=1715) to work on /opt/airflow/dags/blog_dag.py
[2025-03-16T00:04:06.239+0000] {processor.py:914} INFO - Processing file /opt/airflow/dags/blog_dag.py for tasks to queue
[2025-03-16T00:04:06.243+0000] {logging_mixin.py:190} INFO - [2025-03-16T00:04:06.243+0000] {dagbag.py:588} INFO - Filling up the DagBag from /opt/airflow/dags/blog_dag.py
[2025-03-16T00:04:06.261+0000] {processor.py:927} WARNING - No viable dags retrieved from /opt/airflow/dags/blog_dag.py
[2025-03-16T00:04:06.310+0000] {processor.py:208} INFO - Processing /opt/airflow/dags/blog_dag.py took 0.083 seconds
[2025-03-16T00:04:35.971+0000] {processor.py:186} INFO - Started process (PID=1782) to work on /opt/airflow/dags/blog_dag.py
[2025-03-16T00:04:35.974+0000] {processor.py:914} INFO - Processing file /opt/airflow/dags/blog_dag.py for tasks to queue
[2025-03-16T00:04:35.979+0000] {logging_mixin.py:190} INFO - [2025-03-16T00:04:35.978+0000] {dagbag.py:588} INFO - Filling up the DagBag from /opt/airflow/dags/blog_dag.py
[2025-03-16T00:04:35.986+0000] {logging_mixin.py:190} INFO - [2025-03-16T00:04:35.985+0000] {dagbag.py:366} INFO - File /opt/airflow/dags/blog_dag.py assumed to contain no DAGs. Skipping.
[2025-03-16T00:04:35.988+0000] {processor.py:927} WARNING - No viable dags retrieved from /opt/airflow/dags/blog_dag.py
[2025-03-16T00:04:36.048+0000] {processor.py:208} INFO - Processing /opt/airflow/dags/blog_dag.py took 0.084 seconds
[2025-03-16T00:05:06.635+0000] {processor.py:186} INFO - Started process (PID=1849) to work on /opt/airflow/dags/blog_dag.py
[2025-03-16T00:05:06.640+0000] {processor.py:914} INFO - Processing file /opt/airflow/dags/blog_dag.py for tasks to queue
[2025-03-16T00:05:06.645+0000] {logging_mixin.py:190} INFO - [2025-03-16T00:05:06.643+0000] {dagbag.py:588} INFO - Filling up the DagBag from /opt/airflow/dags/blog_dag.py
[2025-03-16T00:05:06.651+0000] {logging_mixin.py:190} INFO - [2025-03-16T00:05:06.651+0000] {dagbag.py:366} INFO - File /opt/airflow/dags/blog_dag.py assumed to contain no DAGs. Skipping.
[2025-03-16T00:05:06.652+0000] {processor.py:927} WARNING - No viable dags retrieved from /opt/airflow/dags/blog_dag.py
[2025-03-16T00:05:06.691+0000] {processor.py:208} INFO - Processing /opt/airflow/dags/blog_dag.py took 0.059 seconds
[2025-03-16T00:05:36.870+0000] {processor.py:186} INFO - Started process (PID=1916) to work on /opt/airflow/dags/blog_dag.py
[2025-03-16T00:05:36.870+0000] {processor.py:914} INFO - Processing file /opt/airflow/dags/blog_dag.py for tasks to queue
[2025-03-16T00:05:36.873+0000] {logging_mixin.py:190} INFO - [2025-03-16T00:05:36.873+0000] {dagbag.py:588} INFO - Filling up the DagBag from /opt/airflow/dags/blog_dag.py
[2025-03-16T00:05:36.876+0000] {logging_mixin.py:190} INFO - [2025-03-16T00:05:36.876+0000] {dagbag.py:366} INFO - File /opt/airflow/dags/blog_dag.py assumed to contain no DAGs. Skipping.
[2025-03-16T00:05:36.877+0000] {processor.py:927} WARNING - No viable dags retrieved from /opt/airflow/dags/blog_dag.py
[2025-03-16T00:05:36.913+0000] {processor.py:208} INFO - Processing /opt/airflow/dags/blog_dag.py took 0.048 seconds
[2025-03-16T00:06:07.591+0000] {processor.py:186} INFO - Started process (PID=1983) to work on /opt/airflow/dags/blog_dag.py
[2025-03-16T00:06:07.592+0000] {processor.py:914} INFO - Processing file /opt/airflow/dags/blog_dag.py for tasks to queue
[2025-03-16T00:06:07.594+0000] {logging_mixin.py:190} INFO - [2025-03-16T00:06:07.594+0000] {dagbag.py:588} INFO - Filling up the DagBag from /opt/airflow/dags/blog_dag.py
[2025-03-16T00:06:07.602+0000] {logging_mixin.py:190} INFO - [2025-03-16T00:06:07.602+0000] {dagbag.py:366} INFO - File /opt/airflow/dags/blog_dag.py assumed to contain no DAGs. Skipping.
[2025-03-16T00:06:07.604+0000] {processor.py:927} WARNING - No viable dags retrieved from /opt/airflow/dags/blog_dag.py
[2025-03-16T00:06:07.636+0000] {processor.py:208} INFO - Processing /opt/airflow/dags/blog_dag.py took 0.050 seconds
[2025-03-16T00:06:37.691+0000] {processor.py:186} INFO - Started process (PID=2050) to work on /opt/airflow/dags/blog_dag.py
[2025-03-16T00:06:37.694+0000] {processor.py:914} INFO - Processing file /opt/airflow/dags/blog_dag.py for tasks to queue
[2025-03-16T00:06:37.697+0000] {logging_mixin.py:190} INFO - [2025-03-16T00:06:37.697+0000] {dagbag.py:588} INFO - Filling up the DagBag from /opt/airflow/dags/blog_dag.py
[2025-03-16T00:06:37.705+0000] {logging_mixin.py:190} INFO - [2025-03-16T00:06:37.703+0000] {dagbag.py:366} INFO - File /opt/airflow/dags/blog_dag.py assumed to contain no DAGs. Skipping.
[2025-03-16T00:06:37.706+0000] {processor.py:927} WARNING - No viable dags retrieved from /opt/airflow/dags/blog_dag.py
[2025-03-16T00:06:37.742+0000] {processor.py:208} INFO - Processing /opt/airflow/dags/blog_dag.py took 0.055 seconds
