[2025-03-16T01:23:23.980+0000] {local_task_job_runner.py:123} INFO - ::group::Pre task execution logs
[2025-03-16T01:23:24.001+0000] {taskinstance.py:2614} INFO - Dependencies all met for dep_context=non-requeueable deps ti=<TaskInstance: google_trend_dag.load scheduled__2025-03-15T00:00:00+00:00 [queued]>
[2025-03-16T01:23:24.038+0000] {taskinstance.py:2614} INFO - Dependencies all met for dep_context=requeueable deps ti=<TaskInstance: google_trend_dag.load scheduled__2025-03-15T00:00:00+00:00 [queued]>
[2025-03-16T01:23:24.042+0000] {taskinstance.py:2867} INFO - Starting attempt 1 of 2
[2025-03-16T01:23:24.085+0000] {taskinstance.py:2890} INFO - Executing <Task(PythonOperator): load> on 2025-03-15 00:00:00+00:00
[2025-03-16T01:23:24.106+0000] {standard_task_runner.py:104} INFO - Running: ['***', 'tasks', 'run', 'google_trend_dag', 'load', 'scheduled__2025-03-15T00:00:00+00:00', '--job-id', '244', '--raw', '--subdir', 'DAGS_FOLDER/trend_dag.py', '--cfg-path', '/tmp/tmp1rcmmms7']
[2025-03-16T01:23:24.108+0000] {standard_task_runner.py:105} INFO - Job 244: Subtask load
[2025-03-16T01:23:24.110+0000] {warnings.py:112} WARNING - /home/***/.local/lib/python3.12/site-packages/***/task/task_runner/standard_task_runner.py:70: DeprecationWarning: This process (pid=283) is multi-threaded, use of fork() may lead to deadlocks in the child.
  pid = os.fork()

[2025-03-16T01:23:24.113+0000] {standard_task_runner.py:72} INFO - Started process 284 to run task
[2025-03-16T01:23:24.231+0000] {task_command.py:467} INFO - Running <TaskInstance: google_trend_dag.load scheduled__2025-03-15T00:00:00+00:00 [running]> on host 7baf3f9b1197
[2025-03-16T01:23:24.491+0000] {taskinstance.py:3134} INFO - Exporting env vars: AIRFLOW_CTX_DAG_OWNER='***' AIRFLOW_CTX_DAG_ID='google_trend_dag' AIRFLOW_CTX_TASK_ID='load' AIRFLOW_CTX_EXECUTION_DATE='2025-03-15T00:00:00+00:00' AIRFLOW_CTX_TRY_NUMBER='1' AIRFLOW_CTX_DAG_RUN_ID='scheduled__2025-03-15T00:00:00+00:00'
[2025-03-16T01:23:24.499+0000] {logging_mixin.py:190} INFO - Task instance is in running state
[2025-03-16T01:23:24.500+0000] {logging_mixin.py:190} INFO -  Previous state of the Task instance: queued
[2025-03-16T01:23:24.502+0000] {logging_mixin.py:190} INFO - Current task name:load state:running start_date:2025-03-16 01:23:24.003010+00:00
[2025-03-16T01:23:24.503+0000] {logging_mixin.py:190} INFO - Dag name:google_trend_dag and current dag run status:running
[2025-03-16T01:23:24.504+0000] {taskinstance.py:732} INFO - ::endgroup::
[2025-03-16T01:23:25.384+0000] {logging_mixin.py:190} INFO - ✅ Google Trends data successfully inserted into PostgreSQL.
[2025-03-16T01:23:25.388+0000] {python.py:240} INFO - Done. Returned value was: None
[2025-03-16T01:23:25.401+0000] {taskinstance.py:341} INFO - ::group::Post task execution logs
[2025-03-16T01:23:25.403+0000] {taskinstance.py:353} INFO - Marking task as SUCCESS. dag_id=google_trend_dag, task_id=load, run_id=scheduled__2025-03-15T00:00:00+00:00, execution_date=20250315T000000, start_date=20250316T012324, end_date=20250316T012325
[2025-03-16T01:23:25.449+0000] {logging_mixin.py:190} INFO - Task instance in success state
[2025-03-16T01:23:25.451+0000] {logging_mixin.py:190} INFO -  Previous state of the Task instance: running
[2025-03-16T01:23:25.451+0000] {logging_mixin.py:190} INFO - Dag name:google_trend_dag queued_at:2025-03-16 01:09:47.254822+00:00
[2025-03-16T01:23:25.453+0000] {logging_mixin.py:190} INFO - Task hostname:7baf3f9b1197 operator:PythonOperator
[2025-03-16T01:23:25.497+0000] {local_task_job_runner.py:266} INFO - Task exited with return code 0
[2025-03-16T01:23:25.552+0000] {taskinstance.py:3901} INFO - 0 downstream tasks scheduled from follow-on schedule check
[2025-03-16T01:23:25.556+0000] {local_task_job_runner.py:245} INFO - ::endgroup::
